#
# There is insufficient memory for the Java Runtime Environment to continue.
# Native memory allocation (malloc) failed to allocate 1048576 bytes. Error detail: AllocateHeap
# Possible reasons:
#   The system is out of physical RAM or swap space
#   This process is running with CompressedOops enabled, and the Java Heap may be blocking the growth of the native heap
# Possible solutions:
#   Reduce memory load on the system
#   Increase physical memory or swap space
#   Check if swap backing store is full
#   Decrease Java heap size (-Xmx/-Xms)
#   Decrease number of Java threads
#   Decrease Java thread stack sizes (-Xss)
#   Set larger code cache with -XX:ReservedCodeCacheSize=
#   JVM is running with Unscaled Compressed Oops mode in which the Java heap is
#     placed in the first 4GB address space. The Java Heap base address is the
#     maximum limit for the native heap growth. Please use -XX:HeapBaseMinAddress
#     to set the Java Heap base and to place the Java Heap above 4GB virtual address.
# This output file may be truncated or incomplete.
#
#  Out of Memory Error (allocation.cpp:44), pid=21304, tid=18844
#
# JRE version: OpenJDK Runtime Environment Temurin-21.0.10+7 (21.0.10+7) (build 21.0.10+7-LTS)
# Java VM: OpenJDK 64-Bit Server VM Temurin-21.0.10+7 (21.0.10+7-LTS, mixed mode, sharing, tiered, compressed oops, compressed class ptrs, parallel gc, windows-amd64)
# No core dump will be written. Minidumps are not enabled by default on client versions of Windows
#

---------------  S U M M A R Y ------------

Command Line: --add-modules=ALL-SYSTEM --add-opens=java.base/java.util=ALL-UNNAMED --add-opens=java.base/java.lang=ALL-UNNAMED --add-opens=java.base/sun.nio.fs=ALL-UNNAMED -Declipse.application=org.eclipse.jdt.ls.core.id1 -Dosgi.bundles.defaultStartLevel=4 -Declipse.product=org.eclipse.jdt.ls.core.product -Djava.import.generatesMetadataFilesAtProjectRoot=false -DDetectVMInstallationsJob.disabled=true -Dfile.encoding=utf8 -XX:+UseParallelGC -XX:GCTimeRatio=4 -XX:AdaptiveSizePolicyWeight=90 -Dsun.zip.disableMemoryMapping=true -Xmx2G -Xms100m -Xlog:disable -javaagent:c:\Users\toriq\.antigravity-ide\extensions\redhat.java-1.54.0-win32-x64\lombok\lombok-1.18.39-4050.jar -XX:+HeapDumpOnOutOfMemoryError -XX:HeapDumpPath=c:\Users\toriq\AppData\Roaming\Antigravity IDE\User\workspaceStorage\19e704fb3f845506dd5ce681803354ef\redhat.java -Daether.dependencyCollector.impl=bf c:\Users\toriq\.antigravity-ide\extensions\redhat.java-1.54.0-win32-x64\server\plugins\org.eclipse.equinox.launcher_1.7.100.v20251111-0406.jar -configuration c:\Users\toriq\AppData\Roaming\Antigravity IDE\User\globalStorage\redhat.java\1.54.0\config_win -data c:\Users\toriq\AppData\Roaming\Antigravity IDE\User\workspaceStorage\19e704fb3f845506dd5ce681803354ef\redhat.java\jdt_ws --pipe=\\.\pipe\lsp-f9fd2b7b20e90911378d69b36e956b3a-sock

Host: Intel(R) Core(TM) Ultra 7 155H, 22 cores, 15G,  Windows 11 , 64 bit Build 26100 (10.0.26100.8328)
Time: Thu May 21 14:00:44 2026 SE Asia Standard Time elapsed time: 18852.410305 seconds (0d 5h 14m 12s)

---------------  T H R E A D  ---------------

Current thread (0x0000018f5ed2a670):  JavaThread "Attach Listener" daemon [_thread_in_vm, id=18844, stack(0x000000085a100000,0x000000085a200000) (1024K)]

Stack: [0x000000085a100000,0x000000085a200000]
Native frames: (J=compiled Java code, j=interpreted, Vv=VM code, C=native code)
V  [jvm.dll+0x6d7a39]
V  [jvm.dll+0x8b4b26]
V  [jvm.dll+0x8b70de]
V  [jvm.dll+0x8b77c3]
V  [jvm.dll+0x284346]
V  [jvm.dll+0xc1277]
V  [jvm.dll+0x6d82e9]
V  [jvm.dll+0x1334a6]
V  [jvm.dll+0x3f857e]
V  [jvm.dll+0x85f59d]
V  [jvm.dll+0x6d626d]
C  [ucrtbase.dll+0x37b0]
C  [KERNEL32.DLL+0x2e957]
C  [ntdll.dll+0x427c]


---------------  P R O C E S S  ---------------

Threads class SMR info:
_java_thread_list=0x0000018f56f2b440, length=63, elements={
0x0000018f5c809450, 0x0000018f5ec2df10, 0x0000018f5ed252c0, 0x0000018f5ed29600,
0x0000018f5ed2a670, 0x0000018f5ed2c8f0, 0x0000018f5ed2e810, 0x0000018f5ed35c90,
0x0000018f5ed3d050, 0x0000018f76ce2ce0, 0x0000018f76d6c5a0, 0x0000018f7d729ea0,
0x0000018f7d7610e0, 0x0000018f7d75f6a0, 0x0000018f7d75dc60, 0x0000018f7d75e2f0,
0x0000018f7d75fd30, 0x0000018f7d7603c0, 0x0000018f7d75e980, 0x0000018f7ef9b800,
0x0000018f7ef9aae0, 0x0000018f7ef9df60, 0x0000018f7ef9d240, 0x0000018f7ef9d8d0,
0x0000018f7f53f680, 0x0000018f7f541750, 0x0000018f7f541de0, 0x0000018f7f53fd10,
0x0000018f7f53e960, 0x0000018f7f542470, 0x0000018f7f53eff0, 0x0000018f7f5410c0,
0x0000018f7f542b00, 0x0000018f7f543190, 0x0000018f7f543820, 0x0000018f7f5403a0,
0x0000018f7f543eb0, 0x0000018f7f540a30, 0x0000018f7f544540, 0x0000018f7f544bd0,
0x0000018f7f545260, 0x0000018f7f5458f0, 0x0000018f7f545f80, 0x0000018f41458510,
0x0000018f414598c0, 0x0000018f41459230, 0x0000018f43b8c780, 0x0000018f43b8e850,
0x0000018f43b8eee0, 0x0000018f43b8f570, 0x0000018f43b8c0f0, 0x0000018f41457e80,
0x0000018f41456440, 0x0000018f41456ad0, 0x0000018f4145a5e0, 0x0000018f41457160,
0x0000018f414577f0, 0x0000018f4145da60, 0x0000018f4145ac70, 0x0000018f43b8a020,
0x0000018f57526e40, 0x0000018f41766790, 0x0000018f41764d50
}

Java Threads: ( => current thread )
  0x0000018f5c809450 JavaThread "main"                              [_thread_blocked, id=24424, stack(0x0000000859a00000,0x0000000859b00000) (1024K)]
  0x0000018f5ec2df10 JavaThread "Reference Handler"          daemon [_thread_blocked, id=13708, stack(0x0000000859e00000,0x0000000859f00000) (1024K)]
  0x0000018f5ed252c0 JavaThread "Finalizer"                  daemon [_thread_blocked, id=12120, stack(0x0000000859f00000,0x000000085a000000) (1024K)]
  0x0000018f5ed29600 JavaThread "Signal Dispatcher"          daemon [_thread_blocked, id=16496, stack(0x000000085a000000,0x000000085a100000) (1024K)]
=>0x0000018f5ed2a670 JavaThread "Attach Listener"            daemon [_thread_in_vm, id=18844, stack(0x000000085a100000,0x000000085a200000) (1024K)]
  0x0000018f5ed2c8f0 JavaThread "Service Thread"             daemon [_thread_blocked, id=7060, stack(0x000000085a200000,0x000000085a300000) (1024K)]
  0x0000018f5ed2e810 JavaThread "Monitor Deflation Thread"   daemon [_thread_blocked, id=12712, stack(0x000000085a300000,0x000000085a400000) (1024K)]
  0x0000018f5ed35c90 JavaThread "C2 CompilerThread0"         daemon [_thread_blocked, id=30856, stack(0x000000085a400000,0x000000085a500000) (1024K)]
  0x0000018f5ed3d050 JavaThread "C1 CompilerThread0"         daemon [_thread_blocked, id=30080, stack(0x000000085a500000,0x000000085a600000) (1024K)]
  0x0000018f76ce2ce0 JavaThread "Common-Cleaner"             daemon [_thread_blocked, id=17572, stack(0x000000085a900000,0x000000085aa00000) (1024K)]
  0x0000018f76d6c5a0 JavaThread "Notification Thread"        daemon [_thread_blocked, id=21512, stack(0x000000085ab00000,0x000000085ac00000) (1024K)]
  0x0000018f7d729ea0 JavaThread "Active Thread: Equinox Container: 3bf3bc57-7c9e-41a1-a4cd-152799b93ef4"        [_thread_blocked, id=15992, stack(0x000000085b900000,0x000000085ba00000) (1024K)]
  0x0000018f7d7610e0 JavaThread "Framework Event Dispatcher: Equinox Container: 3bf3bc57-7c9e-41a1-a4cd-152799b93ef4" daemon [_thread_blocked, id=15180, stack(0x000000085a800000,0x000000085a900000) (1024K)]
  0x0000018f7d75f6a0 JavaThread "Start Level: Equinox Container: 3bf3bc57-7c9e-41a1-a4cd-152799b93ef4" daemon [_thread_blocked, id=17656, stack(0x000000085ba00000,0x000000085bb00000) (1024K)]
  0x0000018f7d75dc60 JavaThread "Bundle File Closer"         daemon [_thread_blocked, id=30780, stack(0x000000085bd00000,0x000000085be00000) (1024K)]
  0x0000018f7d75e2f0 JavaThread "Refresh Thread: Equinox Container: 3bf3bc57-7c9e-41a1-a4cd-152799b93ef4" daemon [_thread_blocked, id=1448, stack(0x000000085be00000,0x000000085bf00000) (1024K)]
  0x0000018f7d75fd30 JavaThread "SCR Component Actor"        daemon [_thread_blocked, id=4872, stack(0x000000085b400000,0x000000085b500000) (1024K)]
  0x0000018f7d7603c0 JavaThread "Worker-JM"                         [_thread_blocked, id=14448, stack(0x000000085b800000,0x000000085b900000) (1024K)]
  0x0000018f7d75e980 JavaThread "Java indexing"              daemon [_thread_blocked, id=30684, stack(0x000000085c600000,0x000000085c700000) (1024K)]
  0x0000018f7ef9b800 JavaThread "JNA Cleaner"                daemon [_thread_blocked, id=21868, stack(0x000000085c800000,0x000000085c900000) (1024K)]
  0x0000018f7ef9aae0 JavaThread "Thread-1"                   daemon [_thread_in_native, id=21492, stack(0x000000085ce00000,0x000000085cf00000) (1024K)]
  0x0000018f7ef9df60 JavaThread "Thread-2"                   daemon [_thread_in_native, id=1580, stack(0x000000085cf00000,0x000000085d000000) (1024K)]
  0x0000018f7ef9d240 JavaThread "Thread-3"                   daemon [_thread_in_native, id=25044, stack(0x000000085d000000,0x000000085d100000) (1024K)]
  0x0000018f7ef9d8d0 JavaThread "Thread-4"                   daemon [_thread_in_native, id=31268, stack(0x000000085d100000,0x000000085d200000) (1024K)]
  0x0000018f7f53f680 JavaThread "Thread-5"                   daemon [_thread_in_native, id=18456, stack(0x000000085d200000,0x000000085d300000) (1024K)]
  0x0000018f7f541750 JavaThread "Thread-6"                   daemon [_thread_in_native, id=23120, stack(0x000000085d300000,0x000000085d400000) (1024K)]
  0x0000018f7f541de0 JavaThread "Thread-7"                   daemon [_thread_in_native, id=23812, stack(0x000000085d500000,0x000000085d600000) (1024K)]
  0x0000018f7f53fd10 JavaThread "Thread-8"                   daemon [_thread_in_native, id=18712, stack(0x000000085d600000,0x000000085d700000) (1024K)]
  0x0000018f7f53e960 JavaThread "Thread-9"                   daemon [_thread_in_native, id=20408, stack(0x000000085d700000,0x000000085d800000) (1024K)]
  0x0000018f7f542470 JavaThread "Thread-10"                  daemon [_thread_in_native, id=23016, stack(0x000000085d800000,0x000000085d900000) (1024K)]
  0x0000018f7f53eff0 JavaThread "Thread-11"                  daemon [_thread_in_native, id=15056, stack(0x000000085d900000,0x000000085da00000) (1024K)]
  0x0000018f7f5410c0 JavaThread "Thread-12"                  daemon [_thread_in_native, id=30120, stack(0x000000085da00000,0x000000085db00000) (1024K)]
  0x0000018f7f542b00 JavaThread "Thread-13"                  daemon [_thread_in_native, id=18368, stack(0x000000085db00000,0x000000085dc00000) (1024K)]
  0x0000018f7f543190 JavaThread "Thread-14"                  daemon [_thread_in_native, id=22212, stack(0x000000085dc00000,0x000000085dd00000) (1024K)]
  0x0000018f7f543820 JavaThread "Thread-15"                  daemon [_thread_in_native, id=29220, stack(0x000000085dd00000,0x000000085de00000) (1024K)]
  0x0000018f7f5403a0 JavaThread "Thread-16"                  daemon [_thread_in_native, id=19408, stack(0x000000085de00000,0x000000085df00000) (1024K)]
  0x0000018f7f543eb0 JavaThread "Thread-17"                  daemon [_thread_in_native, id=14492, stack(0x000000085df00000,0x000000085e000000) (1024K)]
  0x0000018f7f540a30 JavaThread "Thread-18"                  daemon [_thread_in_native, id=31668, stack(0x000000085e000000,0x000000085e100000) (1024K)]
  0x0000018f7f544540 JavaThread "Thread-19"                  daemon [_thread_in_native, id=22544, stack(0x000000085e100000,0x000000085e200000) (1024K)]
  0x0000018f7f544bd0 JavaThread "Thread-20"                  daemon [_thread_in_native, id=8556, stack(0x000000085e200000,0x000000085e300000) (1024K)]
  0x0000018f7f545260 JavaThread "Thread-21"                  daemon [_thread_in_native, id=12268, stack(0x000000085e300000,0x000000085e400000) (1024K)]
  0x0000018f7f5458f0 JavaThread "Thread-22"                  daemon [_thread_in_native, id=12560, stack(0x000000085e400000,0x000000085e500000) (1024K)]
  0x0000018f7f545f80 JavaThread "Thread-23"                  daemon [_thread_in_native, id=4976, stack(0x000000085e500000,0x000000085e600000) (1024K)]
  0x0000018f41458510 JavaThread "pool-2-thread-1"                   [_thread_blocked, id=6576, stack(0x000000085e600000,0x000000085e700000) (1024K)]
  0x0000018f414598c0 JavaThread "WorkspaceEventsHandler"            [_thread_blocked, id=23740, stack(0x000000085ea00000,0x000000085eb00000) (1024K)]
  0x0000018f41459230 JavaThread "pool-1-thread-1"                   [_thread_blocked, id=32148, stack(0x000000085eb00000,0x000000085ec00000) (1024K)]
  0x0000018f43b8c780 JavaThread "Timer-0"                           [_thread_blocked, id=2556, stack(0x0000000860500000,0x0000000860600000) (1024K)]
  0x0000018f43b8e850 JavaThread "Timer-1"                           [_thread_blocked, id=26972, stack(0x000000085aa00000,0x000000085ab00000) (1024K)]
  0x0000018f43b8eee0 JavaThread "Timer-2"                           [_thread_blocked, id=7104, stack(0x000000085b500000,0x000000085b600000) (1024K)]
  0x0000018f43b8f570 JavaThread "Timer-3"                           [_thread_blocked, id=29316, stack(0x000000085c300000,0x000000085c400000) (1024K)]
  0x0000018f43b8c0f0 JavaThread "Timer-4"                           [_thread_blocked, id=2428, stack(0x000000085c400000,0x000000085c500000) (1024K)]
  0x0000018f41457e80 JavaThread "Timer-5"                           [_thread_blocked, id=28256, stack(0x000000085bb00000,0x000000085bc00000) (1024K)]
  0x0000018f41456440 JavaThread "Timer-6"                           [_thread_blocked, id=18360, stack(0x000000085ec00000,0x000000085ed00000) (1024K)]
  0x0000018f41456ad0 JavaThread "Timer-7"                           [_thread_blocked, id=10900, stack(0x000000085b300000,0x000000085b400000) (1024K)]
  0x0000018f4145a5e0 JavaThread "Timer-8"                           [_thread_blocked, id=30620, stack(0x000000085ed00000,0x000000085ee00000) (1024K)]
  0x0000018f41457160 JavaThread "Timer-9"                           [_thread_blocked, id=23068, stack(0x000000085f200000,0x000000085f300000) (1024K)]
  0x0000018f414577f0 JavaThread "Timer-10"                          [_thread_blocked, id=19860, stack(0x000000085f300000,0x000000085f400000) (1024K)]
  0x0000018f4145da60 JavaThread "Timer-11"                          [_thread_blocked, id=28284, stack(0x000000085e700000,0x000000085e800000) (1024K)]
  0x0000018f4145ac70 JavaThread "Timer-12"                          [_thread_blocked, id=12024, stack(0x000000085e800000,0x000000085e900000) (1024K)]
  0x0000018f43b8a020 JavaThread "Timer-13"                          [_thread_blocked, id=20232, stack(0x000000085ee00000,0x000000085ef00000) (1024K)]
  0x0000018f57526e40 JavaThread "Cleaner-0"                  daemon [_thread_blocked, id=21092, stack(0x0000000860300000,0x0000000860400000) (1024K)]
  0x0000018f41766790 JavaThread "Worker-11"                         [_thread_blocked, id=26088, stack(0x000000085f100000,0x000000085f200000) (1024K)]
  0x0000018f41764d50 JavaThread "Worker-13"                         [_thread_blocked, id=29208, stack(0x0000000859700000,0x0000000859800000) (1024K)]
Total: 63

Other Threads:
  0x0000018f5ed238f0 VMThread "VM Thread"                           [id=31420, stack(0x0000000859d00000,0x0000000859e00000) (1024K)]
  0x0000018f5eb0ca00 WatcherThread "VM Periodic Task Thread"        [id=8320, stack(0x0000000859c00000,0x0000000859d00000) (1024K)]
  0x0000018f5ec9c060 WorkerThread "GC Thread#0"                     [id=26108, stack(0x0000000859b00000,0x0000000859c00000) (1024K)]
  0x0000018f7d2e9f70 WorkerThread "GC Thread#1"                     [id=16100, stack(0x000000085ad00000,0x000000085ae00000) (1024K)]
  0x0000018f7d551b90 WorkerThread "GC Thread#2"                     [id=2468, stack(0x000000085ae00000,0x000000085af00000) (1024K)]
  0x0000018f7d551f40 WorkerThread "GC Thread#3"                     [id=19976, stack(0x000000085af00000,0x000000085b000000) (1024K)]
  0x0000018f7d5522f0 WorkerThread "GC Thread#4"                     [id=19484, stack(0x000000085b000000,0x000000085b100000) (1024K)]
  0x0000018f7d2727c0 WorkerThread "GC Thread#5"                     [id=13744, stack(0x000000085b100000,0x000000085b200000) (1024K)]
  0x0000018f7d272b70 WorkerThread "GC Thread#6"                     [id=5028, stack(0x000000085b200000,0x000000085b300000) (1024K)]
  0x0000018f7d271cb0 WorkerThread "GC Thread#7"                     [id=31656, stack(0x000000085ac00000,0x000000085ad00000) (1024K)]
  0x0000018f7d272410 WorkerThread "GC Thread#8"                     [id=12296, stack(0x000000085d400000,0x000000085d500000) (1024K)]
  0x0000018f7e1199c0 WorkerThread "GC Thread#9"                     [id=27572, stack(0x000000085a600000,0x000000085a700000) (1024K)]
  0x0000018f7e11a120 WorkerThread "GC Thread#10"                    [id=15708, stack(0x000000085a700000,0x000000085a800000) (1024K)]
  0x0000018f7e118b00 WorkerThread "GC Thread#11"                    [id=9884, stack(0x000000085b600000,0x000000085b700000) (1024K)]
  0x0000018f7e119260 WorkerThread "GC Thread#12"                    [id=1748, stack(0x000000085b700000,0x000000085b800000) (1024K)]
  0x0000018f7e117c40 WorkerThread "GC Thread#13"                    [id=2804, stack(0x000000085c100000,0x000000085c200000) (1024K)]
  0x0000018f7e118eb0 WorkerThread "GC Thread#14"                    [id=29348, stack(0x000000085c200000,0x000000085c300000) (1024K)]
  0x0000018f7e119610 WorkerThread "GC Thread#15"                    [id=22300, stack(0x000000085c500000,0x000000085c600000) (1024K)]
Total: 18

Threads with active compile tasks:
Total: 0

VM state: not at safepoint (normal execution)

VM Mutex/Monitor currently owned by a thread: None

Heap address: 0x0000000080000000, size: 2048 MB, Compressed Oops mode: 32-bit

CDS archive(s) mapped at: [0x0000018f00000000-0x0000018f00ba0000-0x0000018f00ba0000), size 12189696, SharedBaseAddress: 0x0000018f00000000, ArchiveRelocationMode: 1.
Compressed class space mapped at: 0x0000018f01000000-0x0000018f41000000, reserved size: 1073741824
Narrow klass base: 0x0000018f00000000, Narrow klass shift: 0, Narrow klass range: 0x100000000

GC Precious Log:
 CardTable entry size: 512
 CPUs: 22 total, 22 available
 Memory: 16076M
 Large Page Support: Disabled
 NUMA Support: Disabled
 Compressed Oops: Enabled (32-bit)
 Alignments: Space 512K, Generation 512K, Heap 2M
 Heap Min Capacity: 100M
 Heap Initial Capacity: 100M
 Heap Max Capacity: 2G
 Pre-touch: Disabled
 Parallel Workers: 16

Heap:
 PSYoungGen      total 8704K, used 3362K [0x00000000d5580000, 0x00000000d6200000, 0x0000000100000000)
  eden space 6144K, 14% used [0x00000000d5580000,0x00000000d565aa90,0x00000000d5b80000)
  from space 2560K, 97% used [0x00000000d5e80000,0x00000000d60edde0,0x00000000d6100000)
  to   space 3072K, 0% used [0x00000000d5b80000,0x00000000d5b80000,0x00000000d5e80000)
 ParOldGen       total 807424K, used 541681K [0x0000000080000000, 0x00000000b1480000, 0x00000000d5580000)
  object space 807424K, 67% used [0x0000000080000000,0x00000000a10fc580,0x00000000b1480000)
 Metaspace       used 107855K, committed 109888K, reserved 1179648K
  class space    used 12623K, committed 13568K, reserved 1048576K

Card table byte_map: [0x0000018f5e620000,0x0000018f5ea30000] _byte_map_base: 0x0000018f5e220000

Marking Bits: (ParMarkBitMap*) 0x00007ff9110e3450
 Begin Bits: [0x0000018f71130000, 0x0000018f73130000)
 End Bits:   [0x0000018f73130000, 0x0000018f75130000)

Polling page: 0x0000018f5cad0000

Metaspace:

Usage:
  Non-class:     93.00 MB used.
      Class:     12.33 MB used.
       Both:    105.33 MB used.

Virtual space:
  Non-class space:      128.00 MB reserved,      94.06 MB ( 73%) committed,  2 nodes.
      Class space:        1.00 GB reserved,      13.25 MB (  1%) committed,  1 nodes.
             Both:        1.12 GB reserved,     107.31 MB (  9%) committed. 

Chunk freelists:
   Non-Class:  1.75 MB
       Class:  2.59 MB
        Both:  4.34 MB

MaxMetaspaceSize: unlimited
CompressedClassSpaceSize: 1.00 GB
Initial GC threshold: 21.00 MB
Current GC threshold: 168.69 MB
CDS: on
 - commit_granule_bytes: 65536.
 - commit_granule_words: 8192.
 - virtual_space_node_default_size: 8388608.
 - enlarge_chunks_in_place: 1.
 - use_allocation_guard: 0.


Internal statistics:

num_allocs_failed_limit: 9.
num_arena_births: 2296.
num_arena_deaths: 44.
num_vsnodes_births: 3.
num_vsnodes_deaths: 0.
num_space_committed: 1717.
num_space_uncommitted: 0.
num_chunks_returned_to_freelist: 56.
num_chunks_taken_from_freelist: 7371.
num_chunk_merges: 13.
num_chunk_splits: 4580.
num_chunks_enlarged: 2712.
num_inconsistent_stats: 0.

CodeHeap 'non-profiled nmethods': size=119168Kb used=22599Kb max_used=22599Kb free=96568Kb
 bounds [0x0000018f69a20000, 0x0000018f6b040000, 0x0000018f70e80000]
CodeHeap 'profiled nmethods': size=119104Kb used=53011Kb max_used=53011Kb free=66092Kb
 bounds [0x0000018f61e80000, 0x0000018f65250000, 0x0000018f692d0000]
CodeHeap 'non-nmethods': size=7488Kb used=1545Kb max_used=3359Kb free=5943Kb
 bounds [0x0000018f692d0000, 0x0000018f69630000, 0x0000018f69a20000]
CodeCache: size=245760Kb, used=77155Kb, max_used=78969Kb, free=168603Kb
 total_blobs=21802, nmethods=20936, adapters=768, full_count=0
Compilation: enabled, stopped_count=0, restarted_count=0

Compilation events (20 events):
Event: 17436.241 Thread 0x0000018f56ebec40 nmethod 23720 0x0000018f6b025410 code [0x0000018f6b025920, 0x0000018f6b029f38]
Event: 17436.243 Thread 0x0000018f5ed35c90 nmethod 23722 0x0000018f6b02cb10 code [0x0000018f6b02cf00, 0x0000018f6b02e930]
Event: 17444.129 Thread 0x0000018f5ed3d050 23733       3       org.eclipse.core.internal.resources.MarkerAttributeMap::getMap (11 bytes)
Event: 17444.129 Thread 0x0000018f5ed3d050 nmethod 23733 0x0000018f65241210 code [0x0000018f652413c0, 0x0000018f65241600]
Event: 17496.216 Thread 0x0000018f5ed3d050 23734       3       jdk.internal.misc.TerminatingThreadLocal::_threadTerminated (9 bytes)
Event: 17496.216 Thread 0x0000018f5ed3d050 nmethod 23734 0x0000018f65241710 code [0x0000018f652418e0, 0x0000018f65241cb0]
Event: 17725.939 Thread 0x0000018f5ed3d050 23735       3       java.lang.ref.ReferenceQueue::await (15 bytes)
Event: 17725.939 Thread 0x0000018f5ed3d050 nmethod 23735 0x0000018f65241e10 code [0x0000018f65241fc0, 0x0000018f65242160]
Event: 17732.787 Thread 0x0000018f5ed3d050 23736       3       java.util.concurrent.locks.AbstractQueuedSynchronizer$ConditionObject::await (202 bytes)
Event: 17732.789 Thread 0x0000018f5ed3d050 nmethod 23736 0x0000018f65242290 code [0x0000018f65242580, 0x0000018f652433b0]
Event: 17905.965 Thread 0x0000018f5ed3d050 23737       1       com.sun.jna.internal.Cleaner::access$200 (5 bytes)
Event: 17905.966 Thread 0x0000018f5ed3d050 nmethod 23737 0x0000018f6b02fd90 code [0x0000018f6b02ff20, 0x0000018f6b02ffd0]
Event: 17935.968 Thread 0x0000018f5ed35c90 23738   !   4       java.util.concurrent.locks.AbstractQueuedSynchronizer::acquire (424 bytes)
Event: 17936.009 Thread 0x0000018f5ed35c90 nmethod 23738 0x0000018f6b030090 code [0x0000018f6b030320, 0x0000018f6b031430]
Event: 18280.448 Thread 0x0000018f5ed3d050 23739       3       java.lang.ProcessHandleImpl::get (51 bytes)
Event: 18280.449 Thread 0x0000018f5ed3d050 nmethod 23739 0x0000018f65243990 code [0x0000018f65243ba0, 0x0000018f652441a8]
Event: 18280.450 Thread 0x0000018f5ed3d050 23740       3       java.lang.ProcessHandleImpl::isAlive (44 bytes)
Event: 18280.450 Thread 0x0000018f5ed3d050 nmethod 23740 0x0000018f65244410 code [0x0000018f652445c0, 0x0000018f65244820]
Event: 18344.143 Thread 0x0000018f5ed3d050 23741       3       org.eclipse.core.internal.jobs.JobChangeEvent::<init> (38 bytes)
Event: 18344.143 Thread 0x0000018f5ed3d050 nmethod 23741 0x0000018f65244910 code [0x0000018f65244ac0, 0x0000018f65244c90]

GC Heap History (20 events):
Event: 9611.540 GC heap before
{Heap before GC invocations=1433 (full 5):
 PSYoungGen      total 9216K, used 9216K [0x00000000d5580000, 0x00000000d6380000, 0x0000000100000000)
  eden space 8192K, 100% used [0x00000000d5580000,0x00000000d5d80000,0x00000000d5d80000)
  from space 1024K, 100% used [0x00000000d6200000,0x00000000d6300000,0x00000000d6300000)
  to   space 3072K, 0% used [0x00000000d5d80000,0x00000000d5d80000,0x00000000d6080000)
 ParOldGen       total 807424K, used 529530K [0x0000000080000000, 0x00000000b1480000, 0x00000000d5580000)
  object space 807424K, 65% used [0x0000000080000000,0x00000000a051e870,0x00000000b1480000)
 Metaspace       used 107769K, committed 109824K, reserved 1179648K
  class space    used 12621K, committed 13568K, reserved 1048576K
}
Event: 9611.545 GC heap after
{Heap after GC invocations=1433 (full 5):
 PSYoungGen      total 10752K, used 2414K [0x00000000d5580000, 0x00000000d6280000, 0x0000000100000000)
  eden space 8192K, 0% used [0x00000000d5580000,0x00000000d5580000,0x00000000d5d80000)
  from space 2560K, 94% used [0x00000000d5d80000,0x00000000d5fdbbd0,0x00000000d6000000)
  to   space 2560K, 0% used [0x00000000d6000000,0x00000000d6000000,0x00000000d6280000)
 ParOldGen       total 807424K, used 530585K [0x0000000080000000, 0x00000000b1480000, 0x00000000d5580000)
  object space 807424K, 65% used [0x0000000080000000,0x00000000a0626640,0x00000000b1480000)
 Metaspace       used 107769K, committed 109824K, reserved 1179648K
  class space    used 12621K, committed 13568K, reserved 1048576K
}
Event: 9944.263 GC heap before
{Heap before GC invocations=1434 (full 5):
 PSYoungGen      total 10752K, used 10606K [0x00000000d5580000, 0x00000000d6280000, 0x0000000100000000)
  eden space 8192K, 100% used [0x00000000d5580000,0x00000000d5d80000,0x00000000d5d80000)
  from space 2560K, 94% used [0x00000000d5d80000,0x00000000d5fdbbd0,0x00000000d6000000)
  to   space 2560K, 0% used [0x00000000d6000000,0x00000000d6000000,0x00000000d6280000)
 ParOldGen       total 807424K, used 530585K [0x0000000080000000, 0x00000000b1480000, 0x00000000d5580000)
  object space 807424K, 65% used [0x0000000080000000,0x00000000a0626640,0x00000000b1480000)
 Metaspace       used 107784K, committed 109824K, reserved 1179648K
  class space    used 12623K, committed 13568K, reserved 1048576K
}
Event: 9944.274 GC heap after
{Heap after GC invocations=1434 (full 5):
 PSYoungGen      total 9728K, used 1071K [0x00000000d5580000, 0x00000000d6180000, 0x0000000100000000)
  eden space 8192K, 0% used [0x00000000d5580000,0x00000000d5580000,0x00000000d5d80000)
  from space 1536K, 69% used [0x00000000d6000000,0x00000000d610bdd0,0x00000000d6180000)
  to   space 2048K, 0% used [0x00000000d5d80000,0x00000000d5d80000,0x00000000d5f80000)
 ParOldGen       total 807424K, used 532814K [0x0000000080000000, 0x00000000b1480000, 0x00000000d5580000)
  object space 807424K, 65% used [0x0000000080000000,0x00000000a08539f0,0x00000000b1480000)
 Metaspace       used 107784K, committed 109824K, reserved 1179648K
  class space    used 12623K, committed 13568K, reserved 1048576K
}
Event: 9944.324 GC heap before
{Heap before GC invocations=1435 (full 5):
 PSYoungGen      total 9728K, used 9263K [0x00000000d5580000, 0x00000000d6180000, 0x0000000100000000)
  eden space 8192K, 100% used [0x00000000d5580000,0x00000000d5d80000,0x00000000d5d80000)
  from space 1536K, 69% used [0x00000000d6000000,0x00000000d610bdd0,0x00000000d6180000)
  to   space 2048K, 0% used [0x00000000d5d80000,0x00000000d5d80000,0x00000000d5f80000)
 ParOldGen       total 807424K, used 532814K [0x0000000080000000, 0x00000000b1480000, 0x00000000d5580000)
  object space 807424K, 65% used [0x0000000080000000,0x00000000a08539f0,0x00000000b1480000)
 Metaspace       used 107794K, committed 109888K, reserved 1179648K
  class space    used 12623K, committed 13568K, reserved 1048576K
}
Event: 9944.329 GC heap after
{Heap after GC invocations=1435 (full 5):
 PSYoungGen      total 10240K, used 1642K [0x00000000d5580000, 0x00000000d6180000, 0x0000000100000000)
  eden space 8192K, 0% used [0x00000000d5580000,0x00000000d5580000,0x00000000d5d80000)
  from space 2048K, 80% used [0x00000000d5d80000,0x00000000d5f1a930,0x00000000d5f80000)
  to   space 2048K, 0% used [0x00000000d5f80000,0x00000000d5f80000,0x00000000d6180000)
 ParOldGen       total 807424K, used 533105K [0x0000000080000000, 0x00000000b1480000, 0x00000000d5580000)
  object space 807424K, 66% used [0x0000000080000000,0x00000000a089c660,0x00000000b1480000)
 Metaspace       used 107794K, committed 109888K, reserved 1179648K
  class space    used 12623K, committed 13568K, reserved 1048576K
}
Event: 9944.387 GC heap before
{Heap before GC invocations=1436 (full 5):
 PSYoungGen      total 10240K, used 9834K [0x00000000d5580000, 0x00000000d6180000, 0x0000000100000000)
  eden space 8192K, 100% used [0x00000000d5580000,0x00000000d5d80000,0x00000000d5d80000)
  from space 2048K, 80% used [0x00000000d5d80000,0x00000000d5f1a930,0x00000000d5f80000)
  to   space 2048K, 0% used [0x00000000d5f80000,0x00000000d5f80000,0x00000000d6180000)
 ParOldGen       total 807424K, used 533105K [0x0000000080000000, 0x00000000b1480000, 0x00000000d5580000)
  object space 807424K, 66% used [0x0000000080000000,0x00000000a089c660,0x00000000b1480000)
 Metaspace       used 107797K, committed 109888K, reserved 1179648K
  class space    used 12623K, committed 13568K, reserved 1048576K
}
Event: 9944.389 GC heap after
{Heap after GC invocations=1436 (full 5):
 PSYoungGen      total 8704K, used 320K [0x00000000d5580000, 0x00000000d6000000, 0x0000000100000000)
  eden space 8192K, 0% used [0x00000000d5580000,0x00000000d5580000,0x00000000d5d80000)
  from space 512K, 62% used [0x00000000d5f80000,0x00000000d5fd0000,0x00000000d6000000)
  to   space 1024K, 0% used [0x00000000d5e00000,0x00000000d5e00000,0x00000000d5f00000)
 ParOldGen       total 807424K, used 533137K [0x0000000080000000, 0x00000000b1480000, 0x00000000d5580000)
  object space 807424K, 66% used [0x0000000080000000,0x00000000a08a4660,0x00000000b1480000)
 Metaspace       used 107797K, committed 109888K, reserved 1179648K
  class space    used 12623K, committed 13568K, reserved 1048576K
}
Event: 17435.940 GC heap before
{Heap before GC invocations=1437 (full 5):
 PSYoungGen      total 8704K, used 8512K [0x00000000d5580000, 0x00000000d6000000, 0x0000000100000000)
  eden space 8192K, 100% used [0x00000000d5580000,0x00000000d5d80000,0x00000000d5d80000)
  from space 512K, 62% used [0x00000000d5f80000,0x00000000d5fd0000,0x00000000d6000000)
  to   space 1024K, 0% used [0x00000000d5e00000,0x00000000d5e00000,0x00000000d5f00000)
 ParOldGen       total 807424K, used 533137K [0x0000000080000000, 0x00000000b1480000, 0x00000000d5580000)
  object space 807424K, 66% used [0x0000000080000000,0x00000000a08a4660,0x00000000b1480000)
 Metaspace       used 107799K, committed 109888K, reserved 1179648K
  class space    used 12623K, committed 13568K, reserved 1048576K
}
Event: 17435.942 GC heap after
{Heap after GC invocations=1437 (full 5):
 PSYoungGen      total 9216K, used 352K [0x00000000d5580000, 0x00000000d6000000, 0x0000000100000000)
  eden space 8192K, 0% used [0x00000000d5580000,0x00000000d5580000,0x00000000d5d80000)
  from space 1024K, 34% used [0x00000000d5e00000,0x00000000d5e58000,0x00000000d5f00000)
  to   space 512K, 0% used [0x00000000d5f80000,0x00000000d5f80000,0x00000000d6000000)
 ParOldGen       total 807424K, used 533257K [0x0000000080000000, 0x00000000b1480000, 0x00000000d5580000)
  object space 807424K, 66% used [0x0000000080000000,0x00000000a08c2660,0x00000000b1480000)
 Metaspace       used 107799K, committed 109888K, reserved 1179648K
  class space    used 12623K, committed 13568K, reserved 1048576K
}
Event: 17435.989 GC heap before
{Heap before GC invocations=1438 (full 5):
 PSYoungGen      total 9216K, used 8544K [0x00000000d5580000, 0x00000000d6000000, 0x0000000100000000)
  eden space 8192K, 100% used [0x00000000d5580000,0x00000000d5d80000,0x00000000d5d80000)
  from space 1024K, 34% used [0x00000000d5e00000,0x00000000d5e58000,0x00000000d5f00000)
  to   space 512K, 0% used [0x00000000d5f80000,0x00000000d5f80000,0x00000000d6000000)
 ParOldGen       total 807424K, used 533257K [0x0000000080000000, 0x00000000b1480000, 0x00000000d5580000)
  object space 807424K, 66% used [0x0000000080000000,0x00000000a08c2660,0x00000000b1480000)
 Metaspace       used 107800K, committed 109888K, reserved 1179648K
  class space    used 12623K, committed 13568K, reserved 1048576K
}
Event: 17435.995 GC heap after
{Heap after GC invocations=1438 (full 5):
 PSYoungGen      total 7168K, used 480K [0x00000000d5580000, 0x00000000d6480000, 0x0000000100000000)
  eden space 6656K, 0% used [0x00000000d5580000,0x00000000d5580000,0x00000000d5c00000)
  from space 512K, 93% used [0x00000000d5f80000,0x00000000d5ff8020,0x00000000d6000000)
  to   space 3584K, 0% used [0x00000000d5c00000,0x00000000d5c00000,0x00000000d5f80000)
 ParOldGen       total 807424K, used 535670K [0x0000000080000000, 0x00000000b1480000, 0x00000000d5580000)
  object space 807424K, 66% used [0x0000000080000000,0x00000000a0b1d910,0x00000000b1480000)
 Metaspace       used 107800K, committed 109888K, reserved 1179648K
  class space    used 12623K, committed 13568K, reserved 1048576K
}
Event: 17436.025 GC heap before
{Heap before GC invocations=1439 (full 5):
 PSYoungGen      total 7168K, used 7136K [0x00000000d5580000, 0x00000000d6480000, 0x0000000100000000)
  eden space 6656K, 100% used [0x00000000d5580000,0x00000000d5c00000,0x00000000d5c00000)
  from space 512K, 93% used [0x00000000d5f80000,0x00000000d5ff8020,0x00000000d6000000)
  to   space 3584K, 0% used [0x00000000d5c00000,0x00000000d5c00000,0x00000000d5f80000)
 ParOldGen       total 807424K, used 535670K [0x0000000080000000, 0x00000000b1480000, 0x00000000d5580000)
  object space 807424K, 66% used [0x0000000080000000,0x00000000a0b1d910,0x00000000b1480000)
 Metaspace       used 107826K, committed 109888K, reserved 1179648K
  class space    used 12623K, committed 13568K, reserved 1048576K
}
Event: 17436.029 GC heap after
{Heap after GC invocations=1439 (full 5):
 PSYoungGen      total 9216K, used 2327K [0x00000000d5580000, 0x00000000d6100000, 0x0000000100000000)
  eden space 6656K, 0% used [0x00000000d5580000,0x00000000d5580000,0x00000000d5c00000)
  from space 2560K, 90% used [0x00000000d5c00000,0x00000000d5e45de0,0x00000000d5e80000)
  to   space 2560K, 0% used [0x00000000d5e80000,0x00000000d5e80000,0x00000000d6100000)
 ParOldGen       total 807424K, used 536205K [0x0000000080000000, 0x00000000b1480000, 0x00000000d5580000)
  object space 807424K, 66% used [0x0000000080000000,0x00000000a0ba3610,0x00000000b1480000)
 Metaspace       used 107826K, committed 109888K, reserved 1179648K
  class space    used 12623K, committed 13568K, reserved 1048576K
}
Event: 17436.133 GC heap before
{Heap before GC invocations=1440 (full 5):
 PSYoungGen      total 9216K, used 8961K [0x00000000d5580000, 0x00000000d6100000, 0x0000000100000000)
  eden space 6656K, 99% used [0x00000000d5580000,0x00000000d5bfa968,0x00000000d5c00000)
  from space 2560K, 90% used [0x00000000d5c00000,0x00000000d5e45de0,0x00000000d5e80000)
  to   space 2560K, 0% used [0x00000000d5e80000,0x00000000d5e80000,0x00000000d6100000)
 ParOldGen       total 807424K, used 536205K [0x0000000080000000, 0x00000000b1480000, 0x00000000d5580000)
  object space 807424K, 66% used [0x0000000080000000,0x00000000a0ba3610,0x00000000b1480000)
 Metaspace       used 107828K, committed 109888K, reserved 1179648K
  class space    used 12623K, committed 13568K, reserved 1048576K
}
Event: 17436.138 GC heap after
{Heap after GC invocations=1440 (full 5):
 PSYoungGen      total 9216K, used 2134K [0x00000000d5580000, 0x00000000d6100000, 0x0000000100000000)
  eden space 6656K, 0% used [0x00000000d5580000,0x00000000d5580000,0x00000000d5c00000)
  from space 2560K, 83% used [0x00000000d5e80000,0x00000000d6095810,0x00000000d6100000)
  to   space 2560K, 0% used [0x00000000d5c00000,0x00000000d5c00000,0x00000000d5e80000)
 ParOldGen       total 807424K, used 538281K [0x0000000080000000, 0x00000000b1480000, 0x00000000d5580000)
  object space 807424K, 66% used [0x0000000080000000,0x00000000a0daa450,0x00000000b1480000)
 Metaspace       used 107828K, committed 109888K, reserved 1179648K
  class space    used 12623K, committed 13568K, reserved 1048576K
}
Event: 17436.158 GC heap before
{Heap before GC invocations=1441 (full 5):
 PSYoungGen      total 9216K, used 8790K [0x00000000d5580000, 0x00000000d6100000, 0x0000000100000000)
  eden space 6656K, 100% used [0x00000000d5580000,0x00000000d5c00000,0x00000000d5c00000)
  from space 2560K, 83% used [0x00000000d5e80000,0x00000000d6095810,0x00000000d6100000)
  to   space 2560K, 0% used [0x00000000d5c00000,0x00000000d5c00000,0x00000000d5e80000)
 ParOldGen       total 807424K, used 538281K [0x0000000080000000, 0x00000000b1480000, 0x00000000d5580000)
  object space 807424K, 66% used [0x0000000080000000,0x00000000a0daa450,0x00000000b1480000)
 Metaspace       used 107828K, committed 109888K, reserved 1179648K
  class space    used 12623K, committed 13568K, reserved 1048576K
}
Event: 17436.164 GC heap after
{Heap after GC invocations=1441 (full 5):
 PSYoungGen      total 9216K, used 2048K [0x00000000d5580000, 0x00000000d6100000, 0x0000000100000000)
  eden space 6656K, 0% used [0x00000000d5580000,0x00000000d5580000,0x00000000d5c00000)
  from space 2560K, 80% used [0x00000000d5c00000,0x00000000d5e00010,0x00000000d5e80000)
  to   space 2560K, 0% used [0x00000000d5e80000,0x00000000d5e80000,0x00000000d6100000)
 ParOldGen       total 807424K, used 540089K [0x0000000080000000, 0x00000000b1480000, 0x00000000d5580000)
  object space 807424K, 66% used [0x0000000080000000,0x00000000a0f6e550,0x00000000b1480000)
 Metaspace       used 107828K, committed 109888K, reserved 1179648K
  class space    used 12623K, committed 13568K, reserved 1048576K
}
Event: 17436.190 GC heap before
{Heap before GC invocations=1442 (full 5):
 PSYoungGen      total 9216K, used 8704K [0x00000000d5580000, 0x00000000d6100000, 0x0000000100000000)
  eden space 6656K, 100% used [0x00000000d5580000,0x00000000d5c00000,0x00000000d5c00000)
  from space 2560K, 80% used [0x00000000d5c00000,0x00000000d5e00010,0x00000000d5e80000)
  to   space 2560K, 0% used [0x00000000d5e80000,0x00000000d5e80000,0x00000000d6100000)
 ParOldGen       total 807424K, used 540089K [0x0000000080000000, 0x00000000b1480000, 0x00000000d5580000)
  object space 807424K, 66% used [0x0000000080000000,0x00000000a0f6e550,0x00000000b1480000)
 Metaspace       used 107849K, committed 109888K, reserved 1179648K
  class space    used 12623K, committed 13568K, reserved 1048576K
}
Event: 17436.196 GC heap after
{Heap after GC invocations=1442 (full 5):
 PSYoungGen      total 8704K, used 2487K [0x00000000d5580000, 0x00000000d6200000, 0x0000000100000000)
  eden space 6144K, 0% used [0x00000000d5580000,0x00000000d5580000,0x00000000d5b80000)
  from space 2560K, 97% used [0x00000000d5e80000,0x00000000d60edde0,0x00000000d6100000)
  to   space 3072K, 0% used [0x00000000d5b80000,0x00000000d5b80000,0x00000000d5e80000)
 ParOldGen       total 807424K, used 541681K [0x0000000080000000, 0x00000000b1480000, 0x00000000d5580000)
  object space 807424K, 67% used [0x0000000080000000,0x00000000a10fc580,0x00000000b1480000)
 Metaspace       used 107849K, committed 109888K, reserved 1179648K
  class space    used 12623K, committed 13568K, reserved 1048576K
}

Dll operation events (16 events):
Event: 0.025 Loaded shared library c:\Users\toriq\.antigravity-ide\extensions\redhat.java-1.54.0-win32-x64\jre\21.0.10-win32-x86_64\bin\java.dll
Event: 0.152 Loaded shared library c:\Users\toriq\.antigravity-ide\extensions\redhat.java-1.54.0-win32-x64\jre\21.0.10-win32-x86_64\bin\zip.dll
Event: 0.200 Loaded shared library C:\Users\toriq\.antigravity-ide\extensions\redhat.java-1.54.0-win32-x64\jre\21.0.10-win32-x86_64\bin\instrument.dll
Event: 0.213 Loaded shared library C:\Users\toriq\.antigravity-ide\extensions\redhat.java-1.54.0-win32-x64\jre\21.0.10-win32-x86_64\bin\net.dll
Event: 0.219 Loaded shared library C:\Users\toriq\.antigravity-ide\extensions\redhat.java-1.54.0-win32-x64\jre\21.0.10-win32-x86_64\bin\nio.dll
Event: 0.228 Loaded shared library C:\Users\toriq\.antigravity-ide\extensions\redhat.java-1.54.0-win32-x64\jre\21.0.10-win32-x86_64\bin\zip.dll
Event: 0.279 Loaded shared library C:\Users\toriq\.antigravity-ide\extensions\redhat.java-1.54.0-win32-x64\jre\21.0.10-win32-x86_64\bin\jimage.dll
Event: 0.458 Loaded shared library c:\Users\toriq\.antigravity-ide\extensions\redhat.java-1.54.0-win32-x64\jre\21.0.10-win32-x86_64\bin\verify.dll
Event: 3.218 Loaded shared library C:\Users\toriq\AppData\Roaming\Antigravity IDE\User\globalStorage\redhat.java\1.54.0\config_win\org.eclipse.equinox.launcher\org.eclipse.equinox.launcher.win32.win32.x86_64_1.3.0.v20260203-2149\eclipse_11919.dll
Event: 17.860 Loaded shared library C:\Users\toriq\.antigravity-ide\extensions\redhat.java-1.54.0-win32-x64\jre\21.0.10-win32-x86_64\bin\management.dll
Event: 17.862 Loaded shared library C:\Users\toriq\.antigravity-ide\extensions\redhat.java-1.54.0-win32-x64\jre\21.0.10-win32-x86_64\bin\management_ext.dll
Event: 19.486 Loaded shared library C:\Users\toriq\AppData\Local\Temp\jna-110548159\jna2353846879218518093.dll
Event: 19.711 Loaded shared library C:\Users\toriq\.antigravity-ide\extensions\redhat.java-1.54.0-win32-x64\jre\21.0.10-win32-x86_64\bin\sunmscapi.dll
Event: 21.070 Loaded shared library C:\Users\toriq\.antigravity-ide\extensions\redhat.java-1.54.0-win32-x64\jre\21.0.10-win32-x86_64\bin\extnet.dll
Event: 25.289 Loaded shared library C:\Users\toriq\.gradle\native\660c5614fbf4a5f2a75b1949f50a0caf5cd603558e7d8a26e50b933a0cfb79d1\windows-amd64\native-platform.dll
Event: 46.606 Loaded shared library C:\Users\toriq\.gradle\native\1def1411415f61bf3af743bc5b6707747c0891f09f0c88961ee8f79bc544acac\windows-amd64\native-platform.dll

Deoptimization events (20 events):
Event: 17413.740 Thread 0x0000018f43b8f570 DEOPT PACKING pc=0x0000018f648c14ab sp=0x000000085c3ff050
Event: 17413.740 Thread 0x0000018f43b8f570 DEOPT UNPACKING pc=0x0000018f69324242 sp=0x000000085c3fe538 mode 0
Event: 17413.744 Thread 0x0000018f43b8a020 DEOPT PACKING pc=0x0000018f648c475b sp=0x000000085eeff490
Event: 17413.745 Thread 0x0000018f43b8e850 DEOPT PACKING pc=0x0000018f648c615b sp=0x000000085aaff570
Event: 17413.745 Thread 0x0000018f43b8e850 DEOPT UNPACKING pc=0x0000018f69324242 sp=0x000000085aafea58 mode 0
Event: 17413.746 Thread 0x0000018f43b8a020 DEOPT UNPACKING pc=0x0000018f69324242 sp=0x000000085eefe978 mode 0
Event: 17435.979 Thread 0x0000018f41762c80 Uncommon trap: trap_request=0xffffffd6 fr.pc=0x0000018f6afefde8 relative=0x0000000000001068
Event: 17435.979 Thread 0x0000018f41762c80 Uncommon trap: reason=array_check action=maybe_recompile pc=0x0000018f6afefde8 method=java.util.TimSort.mergeHi(IIII)V @ 250 c2
Event: 17435.979 Thread 0x0000018f41762c80 DEOPT PACKING pc=0x0000018f6afefde8 sp=0x00000008597fd720
Event: 17435.979 Thread 0x0000018f41762c80 DEOPT UNPACKING pc=0x0000018f69323aa2 sp=0x00000008597fd6e8 mode 2
Event: 17435.980 Thread 0x0000018f41762c80 Uncommon trap: trap_request=0xffffffd6 fr.pc=0x0000018f6afefde8 relative=0x0000000000001068
Event: 17435.980 Thread 0x0000018f41762c80 Uncommon trap: reason=array_check action=maybe_recompile pc=0x0000018f6afefde8 method=java.util.TimSort.mergeHi(IIII)V @ 250 c2
Event: 17435.980 Thread 0x0000018f41762c80 DEOPT PACKING pc=0x0000018f6afefde8 sp=0x00000008597fda30
Event: 17435.980 Thread 0x0000018f41762c80 DEOPT UNPACKING pc=0x0000018f69323aa2 sp=0x00000008597fd9f8 mode 2
Event: 17436.158 Thread 0x0000018f41762c80 Uncommon trap: trap_request=0xffffffd6 fr.pc=0x0000018f6af094d8 relative=0x0000000000000e98
Event: 17436.158 Thread 0x0000018f41762c80 Uncommon trap: reason=array_check action=maybe_recompile pc=0x0000018f6af094d8 method=java.util.TimSort.mergeHi(IIII)V @ 250 c2
Event: 17436.158 Thread 0x0000018f41762c80 DEOPT PACKING pc=0x0000018f6af094d8 sp=0x00000008597fd5c0
Event: 17436.158 Thread 0x0000018f41762c80 DEOPT UNPACKING pc=0x0000018f69323aa2 sp=0x00000008597fd578 mode 2
Event: 17436.176 Thread 0x0000018f41762c80 DEOPT PACKING pc=0x0000018f628435a2 sp=0x00000008597fda60
Event: 17436.177 Thread 0x0000018f41762c80 DEOPT UNPACKING pc=0x0000018f69324242 sp=0x00000008597fcf70 mode 0

Classes loaded (20 events):
Event: 71.313 Loading class java/util/concurrent/CompletableFuture$UniExceptionally
Event: 71.313 Loading class java/util/concurrent/CompletableFuture$UniExceptionally done
Event: 76.855 Loading class java/util/concurrent/ConcurrentHashMap$TreeNode
Event: 76.856 Loading class java/util/concurrent/ConcurrentHashMap$TreeNode done
Event: 76.863 Loading class java/util/concurrent/ConcurrentHashMap$TreeBin
Event: 76.864 Loading class java/util/concurrent/ConcurrentHashMap$TreeBin done
Event: 78.036 Loading class java/util/stream/DistinctOps
Event: 78.036 Loading class java/util/stream/DistinctOps done
Event: 78.037 Loading class java/util/stream/DistinctOps$1
Event: 78.037 Loading class java/util/stream/DistinctOps$1 done
Event: 78.046 Loading class java/util/stream/DistinctOps$1$2
Event: 78.047 Loading class java/util/stream/DistinctOps$1$2 done
Event: 79.984 Loading class java/util/LinkedList$LLSpliterator
Event: 79.984 Loading class java/util/LinkedList$LLSpliterator done
Event: 94.610 Loading class jdk/internal/ref/CleanerImpl$InnocuousThreadFactory
Event: 94.611 Loading class jdk/internal/ref/CleanerImpl$InnocuousThreadFactory done
Event: 95.580 Loading class java/util/regex/Pattern$Behind
Event: 95.580 Loading class java/util/regex/Pattern$Behind done
Event: 95.581 Loading class java/util/regex/Pattern$Neg
Event: 95.581 Loading class java/util/regex/Pattern$Neg done

Classes unloaded (20 events):
Event: 18.522 Thread 0x0000018f5ed238f0 Unloading class 0x0000018f011b8000 'java/lang/invoke/LambdaForm$MH+0x0000018f011b8000'
Event: 18.522 Thread 0x0000018f5ed238f0 Unloading class 0x0000018f011b7c00 'java/lang/invoke/LambdaForm$MH+0x0000018f011b7c00'
Event: 18.522 Thread 0x0000018f5ed238f0 Unloading class 0x0000018f011b7800 'java/lang/invoke/LambdaForm$BMH+0x0000018f011b7800'
Event: 18.522 Thread 0x0000018f5ed238f0 Unloading class 0x0000018f011b7400 'java/lang/invoke/LambdaForm$DMH+0x0000018f011b7400'
Event: 18.522 Thread 0x0000018f5ed238f0 Unloading class 0x0000018f011b6000 'java/lang/invoke/LambdaForm$DMH+0x0000018f011b6000'
Event: 19.966 Thread 0x0000018f5ed238f0 Unloading class 0x0000018f01318000 'java/lang/invoke/LambdaForm$MH+0x0000018f01318000'
Event: 19.966 Thread 0x0000018f5ed238f0 Unloading class 0x0000018f01317800 'java/lang/invoke/LambdaForm$MH+0x0000018f01317800'
Event: 19.966 Thread 0x0000018f5ed238f0 Unloading class 0x0000018f01316c00 'java/lang/invoke/LambdaForm$MH+0x0000018f01316c00'
Event: 19.966 Thread 0x0000018f5ed238f0 Unloading class 0x0000018f01316400 'java/lang/invoke/LambdaForm$MH+0x0000018f01316400'
Event: 19.966 Thread 0x0000018f5ed238f0 Unloading class 0x0000018f01316000 'java/lang/invoke/LambdaForm$DMH+0x0000018f01316000'
Event: 19.966 Thread 0x0000018f5ed238f0 Unloading class 0x0000018f01315400 'java/lang/invoke/LambdaForm$MH+0x0000018f01315400'
Event: 19.966 Thread 0x0000018f5ed238f0 Unloading class 0x0000018f01311c00 'java/lang/invoke/LambdaForm$MH+0x0000018f01311c00'
Event: 19.966 Thread 0x0000018f5ed238f0 Unloading class 0x0000018f01311400 'java/lang/invoke/LambdaForm$MH+0x0000018f01311400'
Event: 19.966 Thread 0x0000018f5ed238f0 Unloading class 0x0000018f01310c00 'java/lang/invoke/LambdaForm$MH+0x0000018f01310c00'
Event: 19.966 Thread 0x0000018f5ed238f0 Unloading class 0x0000018f01310400 'java/lang/invoke/LambdaForm$MH+0x0000018f01310400'
Event: 19.966 Thread 0x0000018f5ed238f0 Unloading class 0x0000018f01310000 'java/lang/invoke/LambdaForm$MH+0x0000018f01310000'
Event: 19.966 Thread 0x0000018f5ed238f0 Unloading class 0x0000018f0130d000 'java/lang/invoke/LambdaForm$MH+0x0000018f0130d000'
Event: 94.166 Thread 0x0000018f5ed238f0 Unloading class 0x0000018f01c1d000 'java/lang/invoke/LambdaForm$MH+0x0000018f01c1d000'
Event: 94.166 Thread 0x0000018f5ed238f0 Unloading class 0x0000018f01c1c800 'java/lang/invoke/LambdaForm$MH+0x0000018f01c1c800'
Event: 94.166 Thread 0x0000018f5ed238f0 Unloading class 0x0000018f01c1c000 'java/lang/invoke/LambdaForm$MH+0x0000018f01c1c000'

Classes redefined (0 events):
No events

Internal exceptions (20 events):
Event: 9178.768 Thread 0x0000018f7d75e980 Exception <a 'sun/nio/fs/WindowsException'{0x00000000d5623d80}> (0x00000000d5623d80) 
thrown [s\src\hotspot\share\prims\jni.cpp, line 520]
Event: 9179.773 Thread 0x0000018f4c0cd610 Implicit null exception at 0x0000018f6ae784a8 to 0x0000018f6ae797ed
Event: 9180.406 Thread 0x0000018f560c5060 Exception <a 'sun/nio/fs/WindowsException'{0x00000000d56c8df0}> (0x00000000d56c8df0) 
thrown [s\src\hotspot\share\prims\jni.cpp, line 520]
Event: 9180.406 Thread 0x0000018f560c5060 Exception <a 'sun/nio/fs/WindowsException'{0x00000000d56c9408}> (0x00000000d56c9408) 
thrown [s\src\hotspot\share\prims\jni.cpp, line 520]
Event: 9274.881 Thread 0x0000018f7d75e980 Exception <a 'sun/nio/fs/WindowsException'{0x00000000d57ed4d8}> (0x00000000d57ed4d8) 
thrown [s\src\hotspot\share\prims\jni.cpp, line 520]
Event: 9275.320 Thread 0x0000018f7d75e980 Exception <a 'sun/nio/fs/WindowsException'{0x00000000d5582d18}> (0x00000000d5582d18) 
thrown [s\src\hotspot\share\prims\jni.cpp, line 520]
Event: 9275.355 Thread 0x0000018f7d75e980 Implicit null exception at 0x0000018f6ae0233f to 0x0000018f6ae02904
Event: 9418.521 Thread 0x0000018f43b8db30 Exception <a 'sun/nio/fs/WindowsException'{0x00000000d5902768}> (0x00000000d5902768) 
thrown [s\src\hotspot\share\prims\jni.cpp, line 520]
Event: 9418.522 Thread 0x0000018f43b8db30 Exception <a 'sun/nio/fs/WindowsException'{0x00000000d5903030}> (0x00000000d5903030) 
thrown [s\src\hotspot\share\prims\jni.cpp, line 520]
Event: 9418.523 Thread 0x0000018f43b8db30 Exception <a 'sun/nio/fs/WindowsException'{0x00000000d59063a8}> (0x00000000d59063a8) 
thrown [s\src\hotspot\share\prims\jni.cpp, line 520]
Event: 9418.523 Thread 0x0000018f43b8db30 Exception <a 'sun/nio/fs/WindowsException'{0x00000000d5906c70}> (0x00000000d5906c70) 
thrown [s\src\hotspot\share\prims\jni.cpp, line 520]
Event: 9418.525 Thread 0x0000018f43b8db30 Exception <a 'sun/nio/fs/WindowsException'{0x00000000d5912930}> (0x00000000d5912930) 
thrown [s\src\hotspot\share\prims\jni.cpp, line 520]
Event: 9418.525 Thread 0x0000018f43b8db30 Exception <a 'sun/nio/fs/WindowsException'{0x00000000d59131f8}> (0x00000000d59131f8) 
thrown [s\src\hotspot\share\prims\jni.cpp, line 520]
Event: 9611.534 Thread 0x0000018f41766790 Exception <a 'sun/nio/fs/WindowsException'{0x00000000d5d6c610}> (0x00000000d5d6c610) 
thrown [s\src\hotspot\share\prims\jni.cpp, line 520]
Event: 9911.420 Thread 0x0000018f41764030 Exception <a 'sun/nio/fs/WindowsException'{0x00000000d56168e0}> (0x00000000d56168e0) 
thrown [s\src\hotspot\share\prims\jni.cpp, line 520]
Event: 9911.420 Thread 0x0000018f41764030 Exception <a 'sun/nio/fs/WindowsException'{0x00000000d56171c8}> (0x00000000d56171c8) 
thrown [s\src\hotspot\share\prims\jni.cpp, line 520]
Event: 9911.421 Thread 0x0000018f41764030 Exception <a 'sun/nio/fs/WindowsException'{0x00000000d561a540}> (0x00000000d561a540) 
thrown [s\src\hotspot\share\prims\jni.cpp, line 520]
Event: 9911.421 Thread 0x0000018f41764030 Exception <a 'sun/nio/fs/WindowsException'{0x00000000d561ae08}> (0x00000000d561ae08) 
thrown [s\src\hotspot\share\prims\jni.cpp, line 520]
Event: 9911.423 Thread 0x0000018f41764030 Exception <a 'sun/nio/fs/WindowsException'{0x00000000d56270e8}> (0x00000000d56270e8) 
thrown [s\src\hotspot\share\prims\jni.cpp, line 520]
Event: 9911.423 Thread 0x0000018f41764030 Exception <a 'sun/nio/fs/WindowsException'{0x00000000d56279b0}> (0x00000000d56279b0) 
thrown [s\src\hotspot\share\prims\jni.cpp, line 520]

ZGC Phase Switch (0 events):
No events

VM Operations (20 events):
Event: 18008.640 Executing non-safepoint VM operation: RendezvousGCThreads
Event: 18008.640 Executing non-safepoint VM operation: RendezvousGCThreads done
Event: 18344.890 Executing safepoint VM operation: Cleanup
Event: 18344.890 Executing safepoint VM operation: Cleanup done
Event: 18369.102 Executing non-safepoint VM operation: HandshakeAllThreads (HandshakeForDeflation)
Event: 18369.102 Executing non-safepoint VM operation: HandshakeAllThreads (HandshakeForDeflation) done
Event: 18369.102 Executing non-safepoint VM operation: RendezvousGCThreads
Event: 18369.102 Executing non-safepoint VM operation: RendezvousGCThreads done
Event: 18609.678 Executing non-safepoint VM operation: HandshakeAllThreads (HandshakeForDeflation)
Event: 18609.678 Executing non-safepoint VM operation: HandshakeAllThreads (HandshakeForDeflation) done
Event: 18609.678 Executing non-safepoint VM operation: RendezvousGCThreads
Event: 18609.678 Executing non-safepoint VM operation: RendezvousGCThreads done
Event: 18669.898 Executing non-safepoint VM operation: HandshakeAllThreads (HandshakeForDeflation)
Event: 18669.898 Executing non-safepoint VM operation: HandshakeAllThreads (HandshakeForDeflation) done
Event: 18669.898 Executing non-safepoint VM operation: RendezvousGCThreads
Event: 18669.898 Executing non-safepoint VM operation: RendezvousGCThreads done
Event: 18730.055 Executing non-safepoint VM operation: HandshakeAllThreads (HandshakeForDeflation)
Event: 18730.056 Executing non-safepoint VM operation: HandshakeAllThreads (HandshakeForDeflation) done
Event: 18730.056 Executing non-safepoint VM operation: RendezvousGCThreads
Event: 18730.056 Executing non-safepoint VM operation: RendezvousGCThreads done

Memory protections (0 events):
No events

Nmethod flushes (20 events):
Event: 94.251 Thread 0x0000018f5ed238f0 flushing  nmethod 0x0000018f63475d10
Event: 94.251 Thread 0x0000018f5ed238f0 flushing  nmethod 0x0000018f6347ac90
Event: 94.251 Thread 0x0000018f5ed238f0 flushing  nmethod 0x0000018f6347c910
Event: 94.251 Thread 0x0000018f5ed238f0 flushing  nmethod 0x0000018f63488790
Event: 94.251 Thread 0x0000018f5ed238f0 flushing  nmethod 0x0000018f63489390
Event: 94.251 Thread 0x0000018f5ed238f0 flushing  nmethod 0x0000018f63489d10
Event: 94.251 Thread 0x0000018f5ed238f0 flushing  nmethod 0x0000018f634a2f10
Event: 94.251 Thread 0x0000018f5ed238f0 flushing  nmethod 0x0000018f634b3110
Event: 94.251 Thread 0x0000018f5ed238f0 flushing  nmethod 0x0000018f634bbd10
Event: 94.251 Thread 0x0000018f5ed238f0 flushing  nmethod 0x0000018f634d1990
Event: 94.251 Thread 0x0000018f5ed238f0 flushing  nmethod 0x0000018f634d5b10
Event: 94.251 Thread 0x0000018f5ed238f0 flushing  nmethod 0x0000018f634ffd90
Event: 94.251 Thread 0x0000018f5ed238f0 flushing  nmethod 0x0000018f6350df10
Event: 94.251 Thread 0x0000018f5ed238f0 flushing  nmethod 0x0000018f6350e790
Event: 94.251 Thread 0x0000018f5ed238f0 flushing  nmethod 0x0000018f63514310
Event: 94.251 Thread 0x0000018f5ed238f0 flushing  nmethod 0x0000018f63514b90
Event: 94.251 Thread 0x0000018f5ed238f0 flushing  nmethod 0x0000018f63515610
Event: 94.251 Thread 0x0000018f5ed238f0 flushing  nmethod 0x0000018f63515e10
Event: 94.251 Thread 0x0000018f5ed238f0 flushing  nmethod 0x0000018f63516c90
Event: 94.251 Thread 0x0000018f5ed238f0 flushing  nmethod 0x0000018f63517710

Events (20 events):
Event: 9944.313 Thread 0x0000018f5ed3d050 Thread added: 0x0000018f56ec0e50
Event: 9944.356 Thread 0x0000018f5ed35c90 Thread added: 0x0000018f56ebec40
Event: 9949.506 Thread 0x0000018f56ebec40 Thread exited: 0x0000018f56ebec40
Event: 9954.456 Thread 0x0000018f56ec0e50 Thread exited: 0x0000018f56ec0e50
Event: 10856.630 Thread 0x0000018f57523330 Thread exited: 0x0000018f57523330
Event: 17435.938 Thread 0x0000018f41459230 Thread added: 0x0000018f41762c80
Event: 17436.015 Thread 0x0000018f5ed3d050 Thread added: 0x0000018f56ebec40
Event: 17441.242 Thread 0x0000018f56ebec40 Thread exited: 0x0000018f56ebec40
Event: 17458.396 Thread 0x0000018f43b91640 Thread exited: 0x0000018f43b91640
Event: 17496.216 Thread 0x0000018f41762c80 Thread exited: 0x0000018f41762c80
Event: 17518.408 Thread 0x0000018f57524050 Thread exited: 0x0000018f57524050
Event: 17578.417 Thread 0x0000018f4c0d24d0 Thread exited: 0x0000018f4c0d24d0
Event: 17710.226 Thread 0x0000018f43b90290 Thread exited: 0x0000018f43b90290
Event: 17770.236 Thread 0x0000018f4c0d4c30 Thread exited: 0x0000018f4c0d4c30
Event: 17830.247 Thread 0x0000018f57521f80 Thread exited: 0x0000018f57521f80
Event: 17890.259 Thread 0x0000018f43b8ce10 Thread exited: 0x0000018f43b8ce10
Event: 17950.261 Thread 0x0000018f7ef9cbb0 Thread exited: 0x0000018f7ef9cbb0
Event: 18010.270 Thread 0x0000018f43b8fc00 Thread exited: 0x0000018f43b8fc00
Event: 18344.144 Thread 0x0000018f41766790 Thread added: 0x0000018f41764d50
Event: 18344.145 Thread 0x0000018f41764030 Thread exited: 0x0000018f41764030


Dynamic libraries:
0x00007ff606980000 - 0x00007ff60698e000 	c:\Users\toriq\.antigravity-ide\extensions\redhat.java-1.54.0-win32-x64\jre\21.0.10-win32-x86_64\bin\java.exe
0x00007ff9c5240000 - 0x00007ff9c54a7000 	C:\WINDOWS\SYSTEM32\ntdll.dll
0x00007ff9c3820000 - 0x00007ff9c38e9000 	C:\WINDOWS\System32\KERNEL32.DLL
0x00007ff9c29b0000 - 0x00007ff9c2da7000 	C:\WINDOWS\System32\KERNELBASE.dll
0x00007ff9c2db0000 - 0x00007ff9c2efb000 	C:\WINDOWS\System32\ucrtbase.dll
0x00007ff9b3ea0000 - 0x00007ff9b3eb8000 	c:\Users\toriq\.antigravity-ide\extensions\redhat.java-1.54.0-win32-x64\jre\21.0.10-win32-x86_64\bin\jli.dll
0x00007ff9c5030000 - 0x00007ff9c51f6000 	C:\WINDOWS\System32\USER32.dll
0x00007ff9c2980000 - 0x00007ff9c29a7000 	C:\WINDOWS\System32\win32u.dll
0x00007ff9b1680000 - 0x00007ff9b169e000 	c:\Users\toriq\.antigravity-ide\extensions\redhat.java-1.54.0-win32-x64\jre\21.0.10-win32-x86_64\bin\VCRUNTIME140.dll
0x00007ff9c45f0000 - 0x00007ff9c461b000 	C:\WINDOWS\System32\GDI32.dll
0x00007ff9c1df0000 - 0x00007ff9c1f1c000 	C:\WINDOWS\System32\gdi32full.dll
0x00007ff9967b0000 - 0x00007ff996a42000 	C:\WINDOWS\WinSxS\amd64_microsoft.windows.common-controls_6595b64144ccf1df_6.0.26100.8457_none_3e0b2faee331e92d\COMCTL32.dll
0x00007ff9c2790000 - 0x00007ff9c2833000 	C:\WINDOWS\System32\msvcp_win.dll
0x00007ff9c4b50000 - 0x00007ff9c4bf9000 	C:\WINDOWS\System32\msvcrt.dll
0x00007ff9c35c0000 - 0x00007ff9c35f2000 	C:\WINDOWS\System32\IMM32.DLL
0x00007ff9b5b00000 - 0x00007ff9b5b0c000 	c:\Users\toriq\.antigravity-ide\extensions\redhat.java-1.54.0-win32-x64\jre\21.0.10-win32-x86_64\bin\vcruntime140_1.dll
0x00007ff979a10000 - 0x00007ff979a9d000 	c:\Users\toriq\.antigravity-ide\extensions\redhat.java-1.54.0-win32-x64\jre\21.0.10-win32-x86_64\bin\msvcp140.dll
0x00007ff910420000 - 0x00007ff9111c1000 	c:\Users\toriq\.antigravity-ide\extensions\redhat.java-1.54.0-win32-x64\jre\21.0.10-win32-x86_64\bin\server\jvm.dll
0x00007ff9c38f0000 - 0x00007ff9c39a6000 	C:\WINDOWS\System32\ADVAPI32.dll
0x00007ff9c3410000 - 0x00007ff9c34b7000 	C:\WINDOWS\System32\sechost.dll
0x00007ff9c4950000 - 0x00007ff9c4a68000 	C:\WINDOWS\System32\RPCRT4.dll
0x00007ff9c4c90000 - 0x00007ff9c4d10000 	C:\WINDOWS\System32\WS2_32.dll
0x00007ff9c0850000 - 0x00007ff9c08ae000 	C:\WINDOWS\SYSTEM32\POWRPROF.dll
0x00007ff9b7af0000 - 0x00007ff9b7b26000 	C:\WINDOWS\SYSTEM32\WINMM.dll
0x00007ff9b1ec0000 - 0x00007ff9b1ecb000 	C:\WINDOWS\SYSTEM32\VERSION.dll
0x00007ff9c0830000 - 0x00007ff9c0844000 	C:\WINDOWS\SYSTEM32\UMPDC.dll
0x00007ff9c0b20000 - 0x00007ff9c0b3b000 	C:\WINDOWS\SYSTEM32\kernel.appcore.dll
0x00007ff9b1660000 - 0x00007ff9b166a000 	c:\Users\toriq\.antigravity-ide\extensions\redhat.java-1.54.0-win32-x64\jre\21.0.10-win32-x86_64\bin\jimage.dll
0x00007ff9bfe10000 - 0x00007ff9c0052000 	C:\WINDOWS\SYSTEM32\DBGHELP.DLL
0x00007ff9c3080000 - 0x00007ff9c3403000 	C:\WINDOWS\System32\combase.dll
0x00007ff9c4a70000 - 0x00007ff9c4b49000 	C:\WINDOWS\System32\OLEAUT32.dll
0x00007ff9b7ab0000 - 0x00007ff9b7aeb000 	C:\WINDOWS\SYSTEM32\dbgcore.DLL
0x00007ff9c28d0000 - 0x00007ff9c2978000 	C:\WINDOWS\System32\bcryptPrimitives.dll
0x00007ff9b1650000 - 0x00007ff9b165f000 	c:\Users\toriq\.antigravity-ide\extensions\redhat.java-1.54.0-win32-x64\jre\21.0.10-win32-x86_64\bin\instrument.dll
0x00007ff9b13e0000 - 0x00007ff9b1400000 	c:\Users\toriq\.antigravity-ide\extensions\redhat.java-1.54.0-win32-x64\jre\21.0.10-win32-x86_64\bin\java.dll
0x00007ff9c3e40000 - 0x00007ff9c45ae000 	C:\WINDOWS\System32\SHELL32.dll
0x00007ff9c1f20000 - 0x00007ff9c278c000 	C:\WINDOWS\System32\windows.storage.dll
0x00007ff9c47c0000 - 0x00007ff9c48b6000 	C:\WINDOWS\System32\SHCORE.dll
0x00007ff9c4f00000 - 0x00007ff9c4f66000 	C:\WINDOWS\System32\shlwapi.dll
0x00007ff9c1b90000 - 0x00007ff9c1bb9000 	C:\WINDOWS\SYSTEM32\profapi.dll
0x00007ff9b0c90000 - 0x00007ff9b0ca8000 	c:\Users\toriq\.antigravity-ide\extensions\redhat.java-1.54.0-win32-x64\jre\21.0.10-win32-x86_64\bin\zip.dll
0x00007ff9b0bf0000 - 0x00007ff9b0c00000 	C:\Users\toriq\.antigravity-ide\extensions\redhat.java-1.54.0-win32-x64\jre\21.0.10-win32-x86_64\bin\net.dll
0x00007ff9b32e0000 - 0x00007ff9b3409000 	C:\WINDOWS\SYSTEM32\WINHTTP.dll
0x00007ff9c1090000 - 0x00007ff9c10fc000 	C:\WINDOWS\system32\mswsock.dll
0x00007ff99cd00000 - 0x00007ff99cd16000 	C:\Users\toriq\.antigravity-ide\extensions\redhat.java-1.54.0-win32-x64\jre\21.0.10-win32-x86_64\bin\nio.dll
0x00007ff9b0be0000 - 0x00007ff9b0bf0000 	c:\Users\toriq\.antigravity-ide\extensions\redhat.java-1.54.0-win32-x64\jre\21.0.10-win32-x86_64\bin\verify.dll
0x00007ff979970000 - 0x00007ff9799b5000 	C:\Users\toriq\AppData\Roaming\Antigravity IDE\User\globalStorage\redhat.java\1.54.0\config_win\org.eclipse.equinox.launcher\org.eclipse.equinox.launcher.win32.win32.x86_64_1.3.0.v20260203-2149\eclipse_11919.dll
0x00007ff9c4620000 - 0x00007ff9c47b7000 	C:\WINDOWS\System32\ole32.dll
0x00007ff99d1b0000 - 0x00007ff99d1ba000 	C:\Users\toriq\.antigravity-ide\extensions\redhat.java-1.54.0-win32-x64\jre\21.0.10-win32-x86_64\bin\management.dll
0x00007ff99ccf0000 - 0x00007ff99ccfc000 	C:\Users\toriq\.antigravity-ide\extensions\redhat.java-1.54.0-win32-x64\jre\21.0.10-win32-x86_64\bin\management_ext.dll
0x00007ff9c45c0000 - 0x00007ff9c45c8000 	C:\WINDOWS\System32\PSAPI.DLL
0x00007ff9c1370000 - 0x00007ff9c138b000 	C:\WINDOWS\SYSTEM32\CRYPTSP.dll
0x00007ff9c0a80000 - 0x00007ff9c0ab9000 	C:\WINDOWS\system32\rsaenh.dll
0x00007ff9c1140000 - 0x00007ff9c1173000 	C:\WINDOWS\SYSTEM32\USERENV.dll
0x00007ff9c1b60000 - 0x00007ff9c1b8a000 	C:\WINDOWS\SYSTEM32\bcrypt.dll
0x00007ff9c1390000 - 0x00007ff9c139c000 	C:\WINDOWS\SYSTEM32\CRYPTBASE.dll
0x00007ff9c0510000 - 0x00007ff9c0542000 	C:\WINDOWS\SYSTEM32\IPHLPAPI.DLL
0x00007ff9c37b0000 - 0x00007ff9c37ba000 	C:\WINDOWS\System32\NSI.dll
0x00007ff979790000 - 0x00007ff9797d9000 	C:\Users\toriq\AppData\Local\Temp\jna-110548159\jna2353846879218518093.dll
0x00007ff9b3d10000 - 0x00007ff9b3d2d000 	C:\WINDOWS\SYSTEM32\dhcpcsvc6.DLL
0x00007ff9b38c0000 - 0x00007ff9b38e5000 	C:\WINDOWS\SYSTEM32\dhcpcsvc.DLL
0x00007ff9afd70000 - 0x00007ff9afd7e000 	C:\Users\toriq\.antigravity-ide\extensions\redhat.java-1.54.0-win32-x64\jre\21.0.10-win32-x86_64\bin\sunmscapi.dll
0x00007ff9c1c70000 - 0x00007ff9c1de8000 	C:\WINDOWS\System32\CRYPT32.dll
0x00007ff9c1590000 - 0x00007ff9c15c0000 	C:\WINDOWS\SYSTEM32\ncrypt.dll
0x00007ff9c1540000 - 0x00007ff9c157f000 	C:\WINDOWS\SYSTEM32\NTASN1.dll
0x00007ff9c05f0000 - 0x00007ff9c0722000 	C:\WINDOWS\SYSTEM32\DNSAPI.dll
0x00007ff9b2bd0000 - 0x00007ff9b2bdb000 	C:\Windows\System32\rasadhlp.dll
0x00007ff9b4150000 - 0x00007ff9b41d6000 	C:\WINDOWS\System32\fwpuclnt.dll
0x00007ff9af940000 - 0x00007ff9af949000 	C:\Users\toriq\.antigravity-ide\extensions\redhat.java-1.54.0-win32-x64\jre\21.0.10-win32-x86_64\bin\extnet.dll
0x00007ff929eb0000 - 0x00007ff929ed7000 	C:\Users\toriq\.gradle\native\660c5614fbf4a5f2a75b1949f50a0caf5cd603558e7d8a26e50b933a0cfb79d1\windows-amd64\native-platform.dll
0x00007ff99d980000 - 0x00007ff99d988000 	C:\WINDOWS\system32\wshunix.dll
0x00007ff929330000 - 0x00007ff929357000 	C:\Users\toriq\.gradle\native\1def1411415f61bf3af743bc5b6707747c0891f09f0c88961ee8f79bc544acac\windows-amd64\native-platform.dll
0x00007ff9c0c40000 - 0x00007ff9c0c76000 	C:\WINDOWS\SYSTEM32\ntmarta.dll

JVMTI agents:
c:\Users\toriq\.antigravity-ide\extensions\redhat.java-1.54.0-win32-x64\lombok\lombok-1.18.39-4050.jar path:c:\Users\toriq\.antigravity-ide\extensions\redhat.java-1.54.0-win32-x64\jre\21.0.10-win32-x86_64\bin\instrument.dll, loaded, initialized, instrumentlib options:none

dbghelp: loaded successfully - version: 4.0.5 - missing functions: none
symbol engine: initialized successfully - sym options: 0x614 - pdb path: .;c:\Users\toriq\.antigravity-ide\extensions\redhat.java-1.54.0-win32-x64\jre\21.0.10-win32-x86_64\bin;C:\WINDOWS\SYSTEM32;C:\WINDOWS\WinSxS\amd64_microsoft.windows.common-controls_6595b64144ccf1df_6.0.26100.8457_none_3e0b2faee331e92d;c:\Users\toriq\.antigravity-ide\extensions\redhat.java-1.54.0-win32-x64\jre\21.0.10-win32-x86_64\bin\server;C:\Users\toriq\AppData\Roaming\Antigravity IDE\User\globalStorage\redhat.java\1.54.0\config_win\org.eclipse.equinox.launcher\org.eclipse.equinox.launcher.win32.win32.x86_64_1.3.0.v20260203-2149;C:\Users\toriq\AppData\Local\Temp\jna-110548159;C:\Users\toriq\.gradle\native\660c5614fbf4a5f2a75b1949f50a0caf5cd603558e7d8a26e50b933a0cfb79d1\windows-amd64;C:\Users\toriq\.gradle\native\1def1411415f61bf3af743bc5b6707747c0891f09f0c88961ee8f79bc544acac\windows-amd64

VM Arguments:
jvm_args: --add-modules=ALL-SYSTEM --add-opens=java.base/java.util=ALL-UNNAMED --add-opens=java.base/java.lang=ALL-UNNAMED --add-opens=java.base/sun.nio.fs=ALL-UNNAMED -Declipse.application=org.eclipse.jdt.ls.core.id1 -Dosgi.bundles.defaultStartLevel=4 -Declipse.product=org.eclipse.jdt.ls.core.product -Djava.import.generatesMetadataFilesAtProjectRoot=false -DDetectVMInstallationsJob.disabled=true -Dfile.encoding=utf8 -XX:+UseParallelGC -XX:GCTimeRatio=4 -XX:AdaptiveSizePolicyWeight=90 -Dsun.zip.disableMemoryMapping=true -Xmx2G -Xms100m -Xlog:disable -javaagent:c:\Users\toriq\.antigravity-ide\extensions\redhat.java-1.54.0-win32-x64\lombok\lombok-1.18.39-4050.jar -XX:+HeapDumpOnOutOfMemoryError -XX:HeapDumpPath=c:\Users\toriq\AppData\Roaming\Antigravity IDE\User\workspaceStorage\19e704fb3f845506dd5ce681803354ef\redhat.java -Daether.dependencyCollector.impl=bf 
java_command: c:\Users\toriq\.antigravity-ide\extensions\redhat.java-1.54.0-win32-x64\server\plugins\org.eclipse.equinox.launcher_1.7.100.v20251111-0406.jar -configuration c:\Users\toriq\AppData\Roaming\Antigravity IDE\User\globalStorage\redhat.java\1.54.0\config_win -data c:\Users\toriq\AppData\Roaming\Antigravity IDE\User\workspaceStorage\19e704fb3f845506dd5ce681803354ef\redhat.java\jdt_ws --pipe=\\.\pipe\lsp-f9fd2b7b20e90911378d69b36e956b3a-sock
java_class_path (initial): c:\Users\toriq\.antigravity-ide\extensions\redhat.java-1.54.0-win32-x64\server\plugins\org.eclipse.equinox.launcher_1.7.100.v20251111-0406.jar
Launcher Type: SUN_STANDARD

[Global flags]
    uintx AdaptiveSizePolicyWeight                 = 90                                        {product} {command line}
     intx CICompilerCount                          = 12                                        {product} {ergonomic}
    uintx GCTimeRatio                              = 4                                         {product} {command line}
     bool HeapDumpOnOutOfMemoryError               = true                                   {manageable} {command line}
    ccstr HeapDumpPath                             = c:\Users\toriq\AppData\Roaming\Antigravity IDE\User\workspaceStorage\19e704fb3f845506dd5ce681803354ef\redhat.java         {manageable} {command line}
   size_t InitialHeapSize                          = 104857600                                 {product} {command line}
   size_t MaxHeapSize                              = 2147483648                                {product} {command line}
   size_t MaxNewSize                               = 715653120                                 {product} {ergonomic}
   size_t MinHeapDeltaBytes                        = 524288                                    {product} {ergonomic}
   size_t MinHeapSize                              = 104857600                                 {product} {command line}
   size_t NewSize                                  = 34603008                                  {product} {ergonomic}
    uintx NonNMethodCodeHeapSize                   = 7602480                                {pd product} {ergonomic}
    uintx NonProfiledCodeHeapSize                  = 122027880                              {pd product} {ergonomic}
   size_t OldSize                                  = 70254592                                  {product} {ergonomic}
    uintx ProfiledCodeHeapSize                     = 122027880                              {pd product} {ergonomic}
    uintx ReservedCodeCacheSize                    = 251658240                              {pd product} {ergonomic}
     bool SegmentedCodeCache                       = true                                      {product} {ergonomic}
   size_t SoftMaxHeapSize                          = 2147483648                             {manageable} {ergonomic}
     bool UseCompressedOops                        = true                           {product lp64_product} {ergonomic}
     bool UseLargePagesIndividualAllocation        = false                                  {pd product} {ergonomic}
     bool UseParallelGC                            = true                                      {product} {command line}

Logging:
Log output configuration:
 #0: stdout all=off uptime,level,tags foldmultilines=false
 #1: stderr all=off uptime,level,tags foldmultilines=false

Release file:
JAVA_VERSION="21.0.10" 
MODULES="java.base java.compiler java.datatransfer java.xml java.prefs java.desktop java.instrument java.logging java.management java.security.sasl java.naming java.rmi java.management.rmi java.net.http java.scripting java.security.jgss java.transaction.xa java.sql java.sql.rowset java.xml.crypto java.se java.smartcardio jdk.accessibility jdk.internal.jvmstat jdk.attach jdk.charsets jdk.internal.opt jdk.zipfs jdk.compiler jdk.crypto.ec jdk.crypto.cryptoki jdk.crypto.mscapi jdk.dynalink jdk.internal.ed jdk.editpad jdk.hotspot.agent jdk.httpserver jdk.internal.le jdk.internal.vm.ci jdk.internal.vm.compiler jdk.internal.vm.compiler.management jdk.jartool jdk.javadoc jdk.jcmd jdk.management jdk.management.agent jdk.jconsole jdk.jdeps jdk.jdwp.agent jdk.jdi jdk.jfr jdk.jshell jdk.jsobject jdk.jstatd jdk.localedata jdk.management.jfr jdk.naming.dns jdk.naming.rmi jdk.net jdk.nio.mapmode jdk.random jdk.sctp jdk.security.auth jdk.security.jgss jdk.unsupported jdk.unsupported.desktop jdk.xml.dom" 

Environment Variables:
JAVA_HOME=C:\Program Files\Java\jdk-17
PATH=C:\Program Files\Java\jdk-17\bin;C:\Windows\system32;C:\Windows;C:\Windows\System32\Wbem;C:\Windows\System32\WindowsPowerShell\v1.0\;C:\Windows\System32\OpenSSH\;C:\Program Files\dotnet\;C:\Program Files (x86)\NVIDIA Corporation\PhysX\Common;C:\Program Files\Git\cmd;C:\Program Files\nodejs\;C:\ProgramData\chocolatey\bin;C:\MinGW\bin;C:\WINDOWS\system32;C:\WINDOWS;C:\WINDOWS\System32\Wbem;C:\WINDOWS\System32\WindowsPowerShell\v1.0\;C:\WINDOWS\System32\OpenSSH\;C:\Program Files\Java\jdk-17\bin;C:\Program Files\PuTTY\;C:\Program Files\NVIDIA Corporation\NVIDIA App\NvDLISR;C:\Users\toriq\AppData\Local\Programs\Python\Python312\Scripts\;C:\Users\toriq\AppData\Local\Programs\Python\Python312\;C:\Users\toriq\AppData\Local\Programs\Python\Launcher\;C:\Users\toriq\AppData\Local\Microsoft\WindowsApps;C:\Users\toriq\AppData\Local\Programs\Microsoft VS Code\bin;C:\Users\toriq\AppData\Roaming\npm;C:\Users\toriq\AppData\Local\GitHubDesktop\bin;C:\Users\toriq\AppData\Local\cursor\resources\app\bin;C:\Program Files\JetBrains\IntelliJ IDEA Community Edition 2025.2.1\bin;C:\intelFPGA\20.1\modelsim_ase\win32aloem;C:\intelFPGA_lite\21.1\questa_fse\win64;C:\intelFPGA_lite\21.1\questa_fe\win64;C:\Program Files\JetBrains\IntelliJ IDEA 2025.2.2\bin;C:\Program Files\Redis;C:\Users\toriq\AppData\Local\Programs\Antigravity\bin
USERNAME=toriq
OS=Windows_NT
PROCESSOR_IDENTIFIER=Intel64 Family 6 Model 170 Stepping 4, GenuineIntel
TMP=C:\Users\toriq\AppData\Local\Temp
TEMP=C:\Users\toriq\AppData\Local\Temp




Periodic native trim disabled

---------------  S Y S T E M  ---------------

OS:
 Windows 11 , 64 bit Build 26100 (10.0.26100.8328)
OS uptime: 1 days 15:38 hours
Hyper-V role detected

CPU: total 22 (initial active 22) (11 cores per cpu, 2 threads per core) family 6 model 170 stepping 4 microcode 0x1c, cx8, cmov, fxsr, ht, mmx, 3dnowpref, sse, sse2, sse3, ssse3, sse4.1, sse4.2, popcnt, lzcnt, tsc, tscinvbit, avx, avx2, aes, erms, clmul, bmi1, bmi2, adx, sha, fma, vzeroupper, clflush, clflushopt, clwb, hv, serialize, rdtscp, rdpid, fsrm, f16c, cet_ibt, cet_ss
Processor Information for processor 0
  Max Mhz: 1400, Current Mhz: 1400, Mhz Limit: 1400
Processor Information for processor 1
  Max Mhz: 1400, Current Mhz: 1400, Mhz Limit: 1400
Processor Information for processor 2
  Max Mhz: 3800, Current Mhz: 900, Mhz Limit: 874
Processor Information for processor 3
  Max Mhz: 3800, Current Mhz: 900, Mhz Limit: 874
Processor Information for processor 4
  Max Mhz: 3800, Current Mhz: 900, Mhz Limit: 874
Processor Information for processor 5
  Max Mhz: 3800, Current Mhz: 900, Mhz Limit: 874
Processor Information for processor 6
  Max Mhz: 3800, Current Mhz: 900, Mhz Limit: 874
Processor Information for processor 7
  Max Mhz: 3800, Current Mhz: 900, Mhz Limit: 874
Processor Information for processor 8
  Max Mhz: 3800, Current Mhz: 900, Mhz Limit: 874
Processor Information for processor 9
  Max Mhz: 3800, Current Mhz: 900, Mhz Limit: 874
Processor Information for processor 10
  Max Mhz: 1400, Current Mhz: 1400, Mhz Limit: 1400
Processor Information for processor 11
  Max Mhz: 1400, Current Mhz: 1400, Mhz Limit: 1400
Processor Information for processor 12
  Max Mhz: 1400, Current Mhz: 1400, Mhz Limit: 1400
Processor Information for processor 13
  Max Mhz: 1400, Current Mhz: 1400, Mhz Limit: 1400
Processor Information for processor 14
  Max Mhz: 1400, Current Mhz: 1400, Mhz Limit: 1400
Processor Information for processor 15
  Max Mhz: 1400, Current Mhz: 1400, Mhz Limit: 1400
Processor Information for processor 16
  Max Mhz: 1400, Current Mhz: 1400, Mhz Limit: 1400
Processor Information for processor 17
  Max Mhz: 1400, Current Mhz: 1400, Mhz Limit: 1400
Processor Information for processor 18
  Max Mhz: 1400, Current Mhz: 1400, Mhz Limit: 1400
Processor Information for processor 19
  Max Mhz: 1400, Current Mhz: 1400, Mhz Limit: 1400
Processor Information for processor 20
  Max Mhz: 2500, Current Mhz: 700, Mhz Limit: 700
Processor Information for processor 21
  Max Mhz: 2500, Current Mhz: 700, Mhz Limit: 700

Memory: 4k page, system-wide physical 16076M (125M free)
TotalPageFile size 65228M (AvailPageFile size 38M)
current process WorkingSet (physical memory assigned to process): 9M, peak: 1392M
current process commit charge ("private bytes"): 1345M, peak: 1359M

vm_info: OpenJDK 64-Bit Server VM (21.0.10+7-LTS) for windows-amd64 JRE (21.0.10+7-LTS), built on 2026-01-20T00:00:00Z by "admin" with MS VC++ 17.12 (VS2022)

END.
