#
# There is insufficient memory for the Java Runtime Environment to continue.
# Native memory allocation (malloc) failed to allocate 200736 bytes. Error detail: Chunk::new
# Possible reasons:
#   The system is out of physical RAM or swap space
#   This process is running with CompressedOops enabled, and the Java Heap may be blocking the growth of the native heap
# Possible solutions:
#   Reduce memory load on the system
#   Increase physical memory or swap space
#   Check if swap backing store is full
#   Decrease Java heap size (-Xmx/-Xms)
#   Decrease number of Java threads
#   Decrease Java thread stack sizes (-Xss)
#   Set larger code cache with -XX:ReservedCodeCacheSize=
#   JVM is running with Unscaled Compressed Oops mode in which the Java heap is
#     placed in the first 4GB address space. The Java Heap base address is the
#     maximum limit for the native heap growth. Please use -XX:HeapBaseMinAddress
#     to set the Java Heap base and to place the Java Heap above 4GB virtual address.
# This output file may be truncated or incomplete.
#
#  Out of Memory Error (arena.cpp:168), pid=61024, tid=16764
#
# JRE version: OpenJDK Runtime Environment Temurin-21.0.10+7 (21.0.10+7) (build 21.0.10+7-LTS)
# Java VM: OpenJDK 64-Bit Server VM Temurin-21.0.10+7 (21.0.10+7-LTS, mixed mode, sharing, tiered, compressed oops, compressed class ptrs, parallel gc, windows-amd64)
# No core dump will be written. Minidumps are not enabled by default on client versions of Windows
#

---------------  S U M M A R Y ------------

Command Line: --add-modules=ALL-SYSTEM --add-opens=java.base/java.util=ALL-UNNAMED --add-opens=java.base/java.lang=ALL-UNNAMED --add-opens=java.base/sun.nio.fs=ALL-UNNAMED -Declipse.application=org.eclipse.jdt.ls.core.id1 -Dosgi.bundles.defaultStartLevel=4 -Declipse.product=org.eclipse.jdt.ls.core.product -Djava.import.generatesMetadataFilesAtProjectRoot=false -DDetectVMInstallationsJob.disabled=true -Dfile.encoding=utf8 -XX:+UseParallelGC -XX:GCTimeRatio=4 -XX:AdaptiveSizePolicyWeight=90 -Dsun.zip.disableMemoryMapping=true -Xmx2G -Xms100m -Xlog:disable -javaagent:c:\Users\toriq\.antigravity-ide\extensions\redhat.java-1.54.0-win32-x64\lombok\lombok-1.18.39-4050.jar -XX:+HeapDumpOnOutOfMemoryError -XX:HeapDumpPath=c:\Users\toriq\AppData\Roaming\Antigravity IDE\User\workspaceStorage\19e704fb3f845506dd5ce681803354ef\redhat.java -Daether.dependencyCollector.impl=bf c:\Users\toriq\.antigravity-ide\extensions\redhat.java-1.54.0-win32-x64\server\plugins\org.eclipse.equinox.launcher_1.7.100.v20251111-0406.jar -configuration c:\Users\toriq\AppData\Roaming\Antigravity IDE\User\globalStorage\redhat.java\1.54.0\config_win -data c:\Users\toriq\AppData\Roaming\Antigravity IDE\User\workspaceStorage\19e704fb3f845506dd5ce681803354ef\redhat.java\jdt_ws --pipe=\\.\pipe\lsp-e61f65da7a70391b0c470df8044ea8b7-sock

Host: Intel(R) Core(TM) Ultra 7 155H, 22 cores, 15G,  Windows 11 , 64 bit Build 26100 (10.0.26100.8328)
Time: Thu May 21 14:00:59 2026 SE Asia Standard Time elapsed time: 11.591717 seconds (0d 0h 0m 11s)

---------------  T H R E A D  ---------------

Current thread (0x00000224dd1290a0):  JavaThread "C2 CompilerThread0" daemon [_thread_in_native, id=16764, stack(0x00000038b8c00000,0x00000038b8d00000) (1024K)]


Current CompileTask:
C2:11591 1021   !   4       java.util.jar.Attributes::read (494 bytes)

Stack: [0x00000038b8c00000,0x00000038b8d00000]
Native frames: (J=compiled Java code, j=interpreted, Vv=VM code, C=native code)
V  [jvm.dll+0x6d7a39]
V  [jvm.dll+0x8b4b26]
V  [jvm.dll+0x8b70de]
V  [jvm.dll+0x8b77c3]
V  [jvm.dll+0x284346]
V  [jvm.dll+0xc66ed]
V  [jvm.dll+0xc6c31]
V  [jvm.dll+0x2fb29e]
V  [jvm.dll+0x5fe884]
V  [jvm.dll+0x255b17]
V  [jvm.dll+0x24dc0b]
V  [jvm.dll+0x24ba42]
V  [jvm.dll+0x1cb34e]
V  [jvm.dll+0x25b85d]
V  [jvm.dll+0x259dea]
V  [jvm.dll+0x3f857e]
V  [jvm.dll+0x85f59d]
V  [jvm.dll+0x6d626d]
C  [ucrtbase.dll+0x37b0]
C  [KERNEL32.DLL+0x2e957]
C  [ntdll.dll+0x427c]


---------------  P R O C E S S  ---------------

Threads class SMR info:
_java_thread_list=0x00000224f514ca20, length=11, elements={
0x00000224dabc8660, 0x00000224dd10ef60, 0x00000224dd1128c0, 0x00000224dd116ab0,
0x00000224dd117510, 0x00000224dd117f70, 0x00000224dd119790, 0x00000224dd1290a0,
0x00000224dd12bb20, 0x00000224f50430a0, 0x00000224f51062c0
}

Java Threads: ( => current thread )
  0x00000224dabc8660 JavaThread "main"                              [_thread_in_vm, id=61176, stack(0x00000038b8200000,0x00000038b8300000) (1024K)]
  0x00000224dd10ef60 JavaThread "Reference Handler"          daemon [_thread_blocked, id=60524, stack(0x00000038b8600000,0x00000038b8700000) (1024K)]
  0x00000224dd1128c0 JavaThread "Finalizer"                  daemon [_thread_blocked, id=60528, stack(0x00000038b8700000,0x00000038b8800000) (1024K)]
  0x00000224dd116ab0 JavaThread "Signal Dispatcher"          daemon [_thread_blocked, id=58340, stack(0x00000038b8800000,0x00000038b8900000) (1024K)]
  0x00000224dd117510 JavaThread "Attach Listener"            daemon [_thread_blocked, id=28688, stack(0x00000038b8900000,0x00000038b8a00000) (1024K)]
  0x00000224dd117f70 JavaThread "Service Thread"             daemon [_thread_blocked, id=11144, stack(0x00000038b8a00000,0x00000038b8b00000) (1024K)]
  0x00000224dd119790 JavaThread "Monitor Deflation Thread"   daemon [_thread_blocked, id=60556, stack(0x00000038b8b00000,0x00000038b8c00000) (1024K)]
=>0x00000224dd1290a0 JavaThread "C2 CompilerThread0"         daemon [_thread_in_native, id=16764, stack(0x00000038b8c00000,0x00000038b8d00000) (1024K)]
  0x00000224dd12bb20 JavaThread "C1 CompilerThread0"         daemon [_thread_blocked, id=60560, stack(0x00000038b8d00000,0x00000038b8e00000) (1024K)]
  0x00000224f50430a0 JavaThread "Common-Cleaner"             daemon [_thread_blocked, id=52916, stack(0x00000038b8e00000,0x00000038b8f00000) (1024K)]
  0x00000224f51062c0 JavaThread "Notification Thread"        daemon [_thread_blocked, id=61580, stack(0x00000038b8f00000,0x00000038b9000000) (1024K)]
Total: 11

Other Threads:
  0x00000224dd10ebb0 VMThread "VM Thread"                           [id=61396, stack(0x00000038b8500000,0x00000038b8600000) (1024K)]
  0x00000224dd0da110 WatcherThread "VM Periodic Task Thread"        [id=61392, stack(0x00000038b8400000,0x00000038b8500000) (1024K)]
  0x00000224dd08b000 WorkerThread "GC Thread#0"                     [id=61364, stack(0x00000038b8300000,0x00000038b8400000) (1024K)]
Total: 3

Threads with active compile tasks:
C2 CompilerThread0  11882 1021   !   4       java.util.jar.Attributes::read (494 bytes)
Total: 1

VM state: not at safepoint (normal execution)

VM Mutex/Monitor currently owned by a thread: None

Heap address: 0x0000000080000000, size: 2048 MB, Compressed Oops mode: 32-bit

CDS archive(s) mapped at: [0x0000022480000000-0x0000022480ba0000-0x0000022480ba0000), size 12189696, SharedBaseAddress: 0x0000022480000000, ArchiveRelocationMode: 1.
Compressed class space mapped at: 0x0000022481000000-0x00000224c1000000, reserved size: 1073741824
Narrow klass base: 0x0000022480000000, Narrow klass shift: 0, Narrow klass range: 0x100000000

GC Precious Log:
 CardTable entry size: 512
 CPUs: 22 total, 22 available
 Memory: 16076M
 Large Page Support: Disabled
 NUMA Support: Disabled
 Compressed Oops: Enabled (32-bit)
 Alignments: Space 512K, Generation 512K, Heap 2M
 Heap Min Capacity: 100M
 Heap Initial Capacity: 100M
 Heap Max Capacity: 2G
 Pre-touch: Disabled
 Parallel Workers: 16

Heap:
 PSYoungGen      total 29696K, used 21475K [0x00000000d5580000, 0x00000000d7680000, 0x0000000100000000)
  eden space 25600K, 83% used [0x00000000d5580000,0x00000000d6a78d90,0x00000000d6e80000)
  from space 4096K, 0% used [0x00000000d7280000,0x00000000d7280000,0x00000000d7680000)
  to   space 4096K, 0% used [0x00000000d6e80000,0x00000000d6e80000,0x00000000d7280000)
 ParOldGen       total 68608K, used 0K [0x0000000080000000, 0x0000000084300000, 0x00000000d5580000)
  object space 68608K, 0% used [0x0000000080000000,0x0000000080000000,0x0000000084300000)
 Metaspace       used 3992K, committed 4224K, reserved 1114112K
  class space    used 440K, committed 576K, reserved 1048576K

Card table byte_map: [0x00000224dca10000,0x00000224dce20000] _byte_map_base: 0x00000224dc610000

Marking Bits: (ParMarkBitMap*) 0x00007ff9110e3450
 Begin Bits: [0x00000224ef520000, 0x00000224f1520000)
 End Bits:   [0x00000224f1520000, 0x00000224f3520000)

Polling page: 0x00000224dade0000

Metaspace:

Usage:
  Non-class:      3.48 MB used.
      Class:    443.32 KB used.
       Both:      3.91 MB used.

Virtual space:
  Non-class space:       64.00 MB reserved,       3.56 MB (  6%) committed,  1 nodes.
      Class space:        1.00 GB reserved,     576.00 KB ( <1%) committed,  1 nodes.
             Both:        1.06 GB reserved,       4.12 MB ( <1%) committed. 

Chunk freelists:
   Non-Class:  11.31 MB
       Class:  15.45 MB
        Both:  26.77 MB

MaxMetaspaceSize: unlimited
CompressedClassSpaceSize: 1.00 GB
Initial GC threshold: 21.00 MB
Current GC threshold: 21.00 MB
CDS: on
 - commit_granule_bytes: 65536.
 - commit_granule_words: 8192.
 - virtual_space_node_default_size: 8388608.
 - enlarge_chunks_in_place: 1.
 - use_allocation_guard: 0.


Internal statistics:

num_allocs_failed_limit: 0.
num_arena_births: 178.
num_arena_deaths: 0.
num_vsnodes_births: 2.
num_vsnodes_deaths: 0.
num_space_committed: 66.
num_space_uncommitted: 0.
num_chunks_returned_to_freelist: 0.
num_chunks_taken_from_freelist: 234.
num_chunk_merges: 0.
num_chunk_splits: 151.
num_chunks_enlarged: 85.
num_inconsistent_stats: 0.

CodeHeap 'non-profiled nmethods': size=119168Kb used=391Kb max_used=391Kb free=118776Kb
 bounds [0x00000224e7e10000, 0x00000224e8080000, 0x00000224ef270000]
CodeHeap 'profiled nmethods': size=119104Kb used=1720Kb max_used=1720Kb free=117384Kb
 bounds [0x00000224e0270000, 0x00000224e04e0000, 0x00000224e76c0000]
CodeHeap 'non-nmethods': size=7488Kb used=1190Kb max_used=1206Kb free=6297Kb
 bounds [0x00000224e76c0000, 0x00000224e7930000, 0x00000224e7e10000]
CodeCache: size=245760Kb, used=3301Kb, max_used=3317Kb, free=242457Kb
 total_blobs=1512, nmethods=1061, adapters=358, full_count=0
Compilation: enabled, stopped_count=0, restarted_count=0

Compilation events (20 events):
Event: 9.535 Thread 0x00000224dd12bb20 1019       3       jdk.internal.misc.Unsafe::getLongUnaligned (173 bytes)
Event: 9.536 Thread 0x00000224dd12bb20 nmethod 1019 0x00000224e0403090 code [0x00000224e0403280, 0x00000224e0403660]
Event: 9.539 Thread 0x00000224dd12bb20 1020       3       java.lang.String::<init> (16 bytes)
Event: 9.539 Thread 0x00000224dd1290a0 1021   !   4       java.util.jar.Attributes::read (494 bytes)
Event: 9.540 Thread 0x00000224dd12bb20 nmethod 1020 0x00000224e0403790 code [0x00000224e0403960, 0x00000224e0403c18]
Event: 9.545 Thread 0x00000224dd12bb20 1023  s    1       java.io.ByteArrayOutputStream::size (5 bytes)
Event: 9.545 Thread 0x00000224dd12bb20 nmethod 1023 0x00000224e7e6ff10 code [0x00000224e7e700a0, 0x00000224e7e70228]
Event: 9.545 Thread 0x00000224dd12bb20 1024       1       sun.security.util.DerOutputStream::buf (5 bytes)
Event: 9.545 Thread 0x00000224dd12bb20 nmethod 1024 0x00000224e7e70290 code [0x00000224e7e70420, 0x00000224e7e704e8]
Event: 9.545 Thread 0x00000224dd12bb20 1026  s    3       java.util.Hashtable::get (69 bytes)
Event: 9.546 Thread 0x00000224dd12bb20 nmethod 1026 0x00000224e0403d90 code [0x00000224e0403f80, 0x00000224e04044d0]
Event: 9.546 Thread 0x00000224dd12bb20 1025       3       sun.security.util.ObjectIdentifier::equals (36 bytes)
Event: 9.546 Thread 0x00000224dd12bb20 nmethod 1025 0x00000224e0404690 code [0x00000224e0404860, 0x00000224e0404c58]
Event: 9.547 Thread 0x00000224dd12bb20 1027       3       java.math.BigInteger::trustedStripLeadingZeroInts (37 bytes)
Event: 9.548 Thread 0x00000224dd12bb20 nmethod 1027 0x00000224e0404d10 code [0x00000224e0404fe0, 0x00000224e0405d10]
Event: 9.549 Thread 0x00000224dd12bb20 1028 %     3       java.math.BigInteger::implMultiplyToLen @ 135 (216 bytes)
Event: 9.549 Thread 0x00000224dd12bb20 nmethod 1028% 0x00000224e0406190 code [0x00000224e04063a0, 0x00000224e0406a88]
Event: 9.552 Thread 0x00000224dd12bb20 1030       3       java.math.BigInteger::implMultiplyToLen (216 bytes)
Event: 9.553 Thread 0x00000224dd12bb20 nmethod 1030 0x00000224e0406f10 code [0x00000224e0407100, 0x00000224e04076a8]
Event: 9.555 Thread 0x00000224dd12bb20 1031       3       sun.security.util.DerOutputStream::putLength (147 bytes)

GC Heap History (0 events):
No events

Dll operation events (8 events):
Event: 0.612 Loaded shared library c:\Users\toriq\.antigravity-ide\extensions\redhat.java-1.54.0-win32-x64\jre\21.0.10-win32-x86_64\bin\java.dll
Event: 1.022 Loaded shared library c:\Users\toriq\.antigravity-ide\extensions\redhat.java-1.54.0-win32-x64\jre\21.0.10-win32-x86_64\bin\zip.dll
Event: 1.192 Loaded shared library C:\Users\toriq\.antigravity-ide\extensions\redhat.java-1.54.0-win32-x64\jre\21.0.10-win32-x86_64\bin\instrument.dll
Event: 1.272 Loaded shared library C:\Users\toriq\.antigravity-ide\extensions\redhat.java-1.54.0-win32-x64\jre\21.0.10-win32-x86_64\bin\net.dll
Event: 1.297 Loaded shared library C:\Users\toriq\.antigravity-ide\extensions\redhat.java-1.54.0-win32-x64\jre\21.0.10-win32-x86_64\bin\nio.dll
Event: 1.310 Loaded shared library C:\Users\toriq\.antigravity-ide\extensions\redhat.java-1.54.0-win32-x64\jre\21.0.10-win32-x86_64\bin\zip.dll
Event: 1.358 Loaded shared library C:\Users\toriq\.antigravity-ide\extensions\redhat.java-1.54.0-win32-x64\jre\21.0.10-win32-x86_64\bin\jimage.dll
Event: 2.335 Loaded shared library c:\Users\toriq\.antigravity-ide\extensions\redhat.java-1.54.0-win32-x64\jre\21.0.10-win32-x86_64\bin\verify.dll

Deoptimization events (20 events):
Event: 7.985 Thread 0x00000224dabc8660 DEOPT PACKING pc=0x00000224e037c884 sp=0x00000038b82fd670
Event: 7.985 Thread 0x00000224dabc8660 DEOPT UNPACKING pc=0x00000224e7714242 sp=0x00000038b82fcac8 mode 0
Event: 7.986 Thread 0x00000224dabc8660 Uncommon trap: trap_request=0xffffff6e fr.pc=0x00000224e7e5349c relative=0x00000000000001fc
Event: 7.987 Thread 0x00000224dabc8660 Uncommon trap: reason=loop_limit_check action=maybe_recompile pc=0x00000224e7e5349c method=java.math.BigInteger.implMulAdd([I[IIII)I @ 26 c2
Event: 7.987 Thread 0x00000224dabc8660 DEOPT PACKING pc=0x00000224e7e5349c sp=0x00000038b82fd600
Event: 7.987 Thread 0x00000224dabc8660 DEOPT UNPACKING pc=0x00000224e7713aa2 sp=0x00000038b82fd550 mode 2
Event: 8.387 Thread 0x00000224dabc8660 Uncommon trap: trap_request=0xffffff45 fr.pc=0x00000224e7e5c92c relative=0x000000000000008c
Event: 8.387 Thread 0x00000224dabc8660 Uncommon trap: reason=unstable_if action=reinterpret pc=0x00000224e7e5c92c method=jdk.internal.misc.Unsafe.convEndian(ZI)I @ 4 c2
Event: 8.387 Thread 0x00000224dabc8660 DEOPT PACKING pc=0x00000224e7e5c92c sp=0x00000038b82fdbb0
Event: 8.387 Thread 0x00000224dabc8660 DEOPT UNPACKING pc=0x00000224e7713aa2 sp=0x00000038b82fdae0 mode 2
Event: 8.396 Thread 0x00000224dabc8660 Uncommon trap: trap_request=0xffffff45 fr.pc=0x00000224e7e42360 relative=0x0000000000000600
Event: 8.396 Thread 0x00000224dabc8660 Uncommon trap: reason=unstable_if action=reinterpret pc=0x00000224e7e42360 method=java.lang.AbstractStringBuilder.append(Ljava/lang/String;)Ljava/lang/AbstractStringBuilder; @ 1 c2
Event: 8.396 Thread 0x00000224dabc8660 DEOPT PACKING pc=0x00000224e7e42360 sp=0x00000038b82fdf10
Event: 8.396 Thread 0x00000224dabc8660 DEOPT UNPACKING pc=0x00000224e7713aa2 sp=0x00000038b82fdea0 mode 2
Event: 8.396 Thread 0x00000224dabc8660 Uncommon trap: trap_request=0xffffff45 fr.pc=0x00000224e7e433cc relative=0x00000000000005ec
Event: 8.396 Thread 0x00000224dabc8660 Uncommon trap: reason=unstable_if action=reinterpret pc=0x00000224e7e433cc method=java.lang.AbstractStringBuilder.append(Ljava/lang/String;)Ljava/lang/AbstractStringBuilder; @ 1 c2
Event: 8.396 Thread 0x00000224dabc8660 DEOPT PACKING pc=0x00000224e7e433cc sp=0x00000038b82fdec0
Event: 8.396 Thread 0x00000224dabc8660 DEOPT UNPACKING pc=0x00000224e7713aa2 sp=0x00000038b82fdea8 mode 2
Event: 8.573 Thread 0x00000224dabc8660 DEOPT PACKING pc=0x00000224e03959fb sp=0x00000038b82fd3f0
Event: 8.573 Thread 0x00000224dabc8660 DEOPT UNPACKING pc=0x00000224e7714242 sp=0x00000038b82fc868 mode 0

Classes loaded (20 events):
Event: 9.308 Loading class sun/nio/fs/WindowsFileSystemProvider$1
Event: 9.309 Loading class sun/nio/fs/WindowsFileSystemProvider$1 done
Event: 9.309 Loading class sun/nio/fs/WindowsLinkSupport
Event: 9.310 Loading class sun/nio/fs/WindowsLinkSupport done
Event: 9.310 Loading class sun/nio/fs/WindowsAclFileAttributeView
Event: 9.312 Loading class sun/nio/fs/AbstractAclFileAttributeView
Event: 9.312 Loading class java/nio/file/attribute/AclFileAttributeView
Event: 9.312 Loading class java/nio/file/attribute/FileOwnerAttributeView
Event: 9.312 Loading class java/nio/file/attribute/FileOwnerAttributeView done
Event: 9.312 Loading class java/nio/file/attribute/AclFileAttributeView done
Event: 9.312 Loading class sun/nio/fs/AbstractAclFileAttributeView done
Event: 9.312 Loading class sun/nio/fs/WindowsAclFileAttributeView done
Event: 9.313 Loading class sun/nio/fs/WindowsSecurity
Event: 9.313 Loading class sun/nio/fs/WindowsSecurity done
Event: 9.319 Loading class sun/nio/fs/WindowsFileStore
Event: 9.320 Loading class java/nio/file/FileStore
Event: 9.320 Loading class java/nio/file/FileStore done
Event: 9.320 Loading class sun/nio/fs/WindowsFileStore done
Event: 9.355 Loading class java/net/URLClassLoader$1
Event: 9.357 Loading class java/net/URLClassLoader$1 done

Classes unloaded (0 events):
No events

Classes redefined (0 events):
No events

Internal exceptions (20 events):
Event: 5.152 Thread 0x00000224dabc8660 Exception <a 'java/io/IOException'{0x00000000d5dd1ad0}> (0x00000000d5dd1ad0) 
thrown [s\src\hotspot\share\prims\jni.cpp, line 520]
Event: 5.158 Thread 0x00000224dabc8660 Exception <a 'java/io/IOException'{0x00000000d5dfe540}> (0x00000000d5dfe540) 
thrown [s\src\hotspot\share\prims\jni.cpp, line 520]
Event: 5.163 Thread 0x00000224dabc8660 Exception <a 'java/io/IOException'{0x00000000d5e175f8}> (0x00000000d5e175f8) 
thrown [s\src\hotspot\share\prims\jni.cpp, line 520]
Event: 5.173 Thread 0x00000224dabc8660 Exception <a 'java/io/IOException'{0x00000000d5e3b490}> (0x00000000d5e3b490) 
thrown [s\src\hotspot\share\prims\jni.cpp, line 520]
Event: 5.180 Thread 0x00000224dabc8660 Exception <a 'java/io/IOException'{0x00000000d5e58d80}> (0x00000000d5e58d80) 
thrown [s\src\hotspot\share\prims\jni.cpp, line 520]
Event: 5.188 Thread 0x00000224dabc8660 Exception <a 'java/io/IOException'{0x00000000d5e6f3b0}> (0x00000000d5e6f3b0) 
thrown [s\src\hotspot\share\prims\jni.cpp, line 520]
Event: 7.538 Thread 0x00000224dabc8660 Exception <a 'java/lang/NoSuchMethodError'{0x00000000d6067188}: 'void java.lang.invoke.DirectMethodHandle$Holder.invokeVirtual(java.lang.Object, java.lang.Object)'> (0x00000000d6067188) 
thrown [s\src\hotspot\share\interpreter\linkResolver.cpp, line 773]
Event: 8.126 Thread 0x00000224dabc8660 Exception <a 'java/lang/NoSuchMethodError'{0x00000000d643c918}: 'void java.lang.invoke.DirectMethodHandle$Holder.invokeStatic(java.lang.Object, java.lang.Object)'> (0x00000000d643c918) 
thrown [s\src\hotspot\share\interpreter\linkResolver.cpp, line 773]
Event: 8.151 Thread 0x00000224dabc8660 Exception <a 'java/lang/ClassNotFoundException'{0x00000000d6462a70}: sun/net/www/protocol/c/Handler> (0x00000000d6462a70) 
thrown [s\src\hotspot\share\classfile\systemDictionary.cpp, line 312]
Event: 8.370 Thread 0x00000224dabc8660 Exception <a 'java/io/FileNotFoundException'{0x00000000d64c91e0}> (0x00000000d64c91e0) 
thrown [s\src\hotspot\share\prims\jni.cpp, line 520]
Event: 8.374 Thread 0x00000224dabc8660 Exception <a 'java/io/FileNotFoundException'{0x00000000d64ca558}> (0x00000000d64ca558) 
thrown [s\src\hotspot\share\prims\jni.cpp, line 520]
Event: 8.374 Thread 0x00000224dabc8660 Exception <a 'java/io/FileNotFoundException'{0x00000000d64cb220}> (0x00000000d64cb220) 
thrown [s\src\hotspot\share\prims\jni.cpp, line 520]
Event: 8.374 Thread 0x00000224dabc8660 Exception <a 'java/io/FileNotFoundException'{0x00000000d64cbda0}> (0x00000000d64cbda0) 
thrown [s\src\hotspot\share\prims\jni.cpp, line 520]
Event: 8.396 Thread 0x00000224dabc8660 Implicit null exception at 0x00000224e7e41da4 to 0x00000224e7e42348
Event: 8.396 Thread 0x00000224dabc8660 Implicit null exception at 0x00000224e7e42e20 to 0x00000224e7e433b4
Event: 8.405 Thread 0x00000224dabc8660 Exception <a 'java/io/FileNotFoundException'{0x00000000d6504240}> (0x00000000d6504240) 
thrown [s\src\hotspot\share\prims\jni.cpp, line 520]
Event: 8.545 Thread 0x00000224dabc8660 Exception <a 'java/lang/NoSuchMethodError'{0x00000000d653d9e0}: 'java.lang.Object java.lang.invoke.DirectMethodHandle$Holder.invokeInterface(java.lang.Object, java.lang.Object)'> (0x00000000d653d9e0) 
thrown [s\src\hotspot\share\interpreter\linkResolver.cpp, line 773]
Event: 8.621 Thread 0x00000224dabc8660 Exception <a 'java/lang/NoSuchMethodError'{0x00000000d6550fb0}: 'java.lang.Object java.lang.invoke.Invokers$Holder.invokeExact_MT(java.lang.Object, java.lang.Object, java.lang.Object, java.lang.Object, java.lang.Object, java.lang.Object)'> (0x00000000d6550fb0) 
thrown [s\src\hotspot\share\interpreter\linkResolver.cpp, line 773]
Event: 8.743 Thread 0x00000224dabc8660 Exception <a 'java/lang/NoSuchMethodError'{0x00000000d6568088}: 'int java.lang.invoke.DirectMethodHandle$Holder.invokeStatic(java.lang.Object, java.lang.Object, java.lang.Object, java.lang.Object, java.lang.Object)'> (0x00000000d6568088) 
thrown [s\src\hotspot\share\interpreter\linkResolver.cpp, line 773]
Event: 9.056 Thread 0x00000224dabc8660 Exception <a 'java/lang/NoSuchMethodError'{0x00000000d65fbb30}: 'java.lang.Object java.lang.invoke.DirectMethodHandle$Holder.invokeInterface(java.lang.Object, java.lang.Object, int)'> (0x00000000d65fbb30) 
thrown [s\src\hotspot\share\interpreter\linkResolver.cpp, line 773]

ZGC Phase Switch (0 events):
No events

VM Operations (19 events):
Event: 1.007 Executing non-safepoint VM operation: HandshakeAllThreads (Deoptimize)
Event: 1.008 Executing non-safepoint VM operation: HandshakeAllThreads (Deoptimize) done
Event: 1.426 Executing non-safepoint VM operation: HandshakeAllThreads (Deoptimize)
Event: 1.426 Executing non-safepoint VM operation: HandshakeAllThreads (Deoptimize) done
Event: 2.426 Executing safepoint VM operation: Cleanup
Event: 2.427 Executing safepoint VM operation: Cleanup done
Event: 3.434 Executing safepoint VM operation: Cleanup
Event: 3.485 Executing safepoint VM operation: Cleanup done
Event: 5.499 Executing safepoint VM operation: Cleanup
Event: 5.499 Executing safepoint VM operation: Cleanup done
Event: 7.505 Executing safepoint VM operation: Cleanup
Event: 7.506 Executing safepoint VM operation: Cleanup done
Event: 8.022 Executing non-safepoint VM operation: HandshakeAllThreads (Deoptimize)
Event: 8.022 Executing non-safepoint VM operation: HandshakeAllThreads (Deoptimize) done
Event: 8.081 Executing non-safepoint VM operation: HandshakeAllThreads (Deoptimize)
Event: 8.081 Executing non-safepoint VM operation: HandshakeAllThreads (Deoptimize) done
Event: 9.078 Executing safepoint VM operation: Cleanup
Event: 9.079 Executing safepoint VM operation: Cleanup done
Event: 10.082 Executing safepoint VM operation: Cleanup

Memory protections (0 events):
No events

Nmethod flushes (0 events):
No events

Events (11 events):
Event: 0.709 Thread 0x00000224dabc8660 Thread added: 0x00000224dabc8660
Event: 0.940 Thread 0x00000224dabc8660 Thread added: 0x00000224dd10ef60
Event: 0.941 Thread 0x00000224dabc8660 Thread added: 0x00000224dd1128c0
Event: 0.943 Thread 0x00000224dabc8660 Thread added: 0x00000224dd116ab0
Event: 0.943 Thread 0x00000224dabc8660 Thread added: 0x00000224dd117510
Event: 0.943 Thread 0x00000224dabc8660 Thread added: 0x00000224dd117f70
Event: 0.943 Thread 0x00000224dabc8660 Thread added: 0x00000224dd119790
Event: 0.944 Thread 0x00000224dabc8660 Thread added: 0x00000224dd1290a0
Event: 0.947 Thread 0x00000224dabc8660 Thread added: 0x00000224dd12bb20
Event: 1.223 Thread 0x00000224dabc8660 Thread added: 0x00000224f50430a0
Event: 7.237 Thread 0x00000224dabc8660 Thread added: 0x00000224f51062c0


Dynamic libraries:
0x00007ff606980000 - 0x00007ff60698e000 	c:\Users\toriq\.antigravity-ide\extensions\redhat.java-1.54.0-win32-x64\jre\21.0.10-win32-x86_64\bin\java.exe
0x00007ff9c5240000 - 0x00007ff9c54a7000 	C:\WINDOWS\SYSTEM32\ntdll.dll
0x00007ff9c3820000 - 0x00007ff9c38e9000 	C:\WINDOWS\System32\KERNEL32.DLL
0x00007ff9c29b0000 - 0x00007ff9c2da7000 	C:\WINDOWS\System32\KERNELBASE.dll
0x00007ff9c2db0000 - 0x00007ff9c2efb000 	C:\WINDOWS\System32\ucrtbase.dll
0x00007ff9b1680000 - 0x00007ff9b169e000 	c:\Users\toriq\.antigravity-ide\extensions\redhat.java-1.54.0-win32-x64\jre\21.0.10-win32-x86_64\bin\VCRUNTIME140.dll
0x00007ff9b3ea0000 - 0x00007ff9b3eb8000 	c:\Users\toriq\.antigravity-ide\extensions\redhat.java-1.54.0-win32-x64\jre\21.0.10-win32-x86_64\bin\jli.dll
0x00007ff9c5030000 - 0x00007ff9c51f6000 	C:\WINDOWS\System32\USER32.dll
0x00007ff9c2980000 - 0x00007ff9c29a7000 	C:\WINDOWS\System32\win32u.dll
0x00007ff9967b0000 - 0x00007ff996a42000 	C:\WINDOWS\WinSxS\amd64_microsoft.windows.common-controls_6595b64144ccf1df_6.0.26100.8457_none_3e0b2faee331e92d\COMCTL32.dll
0x00007ff9c45f0000 - 0x00007ff9c461b000 	C:\WINDOWS\System32\GDI32.dll
0x00007ff9c4b50000 - 0x00007ff9c4bf9000 	C:\WINDOWS\System32\msvcrt.dll
0x00007ff9c1df0000 - 0x00007ff9c1f1c000 	C:\WINDOWS\System32\gdi32full.dll
0x00007ff9c2790000 - 0x00007ff9c2833000 	C:\WINDOWS\System32\msvcp_win.dll
0x00007ff9c35c0000 - 0x00007ff9c35f2000 	C:\WINDOWS\System32\IMM32.DLL
0x00007ff9b5b00000 - 0x00007ff9b5b0c000 	c:\Users\toriq\.antigravity-ide\extensions\redhat.java-1.54.0-win32-x64\jre\21.0.10-win32-x86_64\bin\vcruntime140_1.dll
0x00007ff979a10000 - 0x00007ff979a9d000 	c:\Users\toriq\.antigravity-ide\extensions\redhat.java-1.54.0-win32-x64\jre\21.0.10-win32-x86_64\bin\msvcp140.dll
0x00007ff910420000 - 0x00007ff9111c1000 	c:\Users\toriq\.antigravity-ide\extensions\redhat.java-1.54.0-win32-x64\jre\21.0.10-win32-x86_64\bin\server\jvm.dll
0x00007ff9c38f0000 - 0x00007ff9c39a6000 	C:\WINDOWS\System32\ADVAPI32.dll
0x00007ff9c3410000 - 0x00007ff9c34b7000 	C:\WINDOWS\System32\sechost.dll
0x00007ff9c4950000 - 0x00007ff9c4a68000 	C:\WINDOWS\System32\RPCRT4.dll
0x00007ff9c4c90000 - 0x00007ff9c4d10000 	C:\WINDOWS\System32\WS2_32.dll
0x00007ff9b7af0000 - 0x00007ff9b7b26000 	C:\WINDOWS\SYSTEM32\WINMM.dll
0x00007ff9c0850000 - 0x00007ff9c08ae000 	C:\WINDOWS\SYSTEM32\POWRPROF.dll
0x00007ff9b1ec0000 - 0x00007ff9b1ecb000 	C:\WINDOWS\SYSTEM32\VERSION.dll
0x00007ff9c0830000 - 0x00007ff9c0844000 	C:\WINDOWS\SYSTEM32\UMPDC.dll
0x00007ff9c0b20000 - 0x00007ff9c0b3b000 	C:\WINDOWS\SYSTEM32\kernel.appcore.dll
0x00007ff9b1660000 - 0x00007ff9b166a000 	c:\Users\toriq\.antigravity-ide\extensions\redhat.java-1.54.0-win32-x64\jre\21.0.10-win32-x86_64\bin\jimage.dll
0x00007ff9bfe10000 - 0x00007ff9c0052000 	C:\WINDOWS\SYSTEM32\DBGHELP.DLL
0x00007ff9c3080000 - 0x00007ff9c3403000 	C:\WINDOWS\System32\combase.dll
0x00007ff9c4a70000 - 0x00007ff9c4b49000 	C:\WINDOWS\System32\OLEAUT32.dll
0x00007ff9b7ab0000 - 0x00007ff9b7aeb000 	C:\WINDOWS\SYSTEM32\dbgcore.DLL
0x00007ff9c28d0000 - 0x00007ff9c2978000 	C:\WINDOWS\System32\bcryptPrimitives.dll
0x00007ff9b5800000 - 0x00007ff9b580f000 	c:\Users\toriq\.antigravity-ide\extensions\redhat.java-1.54.0-win32-x64\jre\21.0.10-win32-x86_64\bin\instrument.dll
0x00007ff9b13e0000 - 0x00007ff9b1400000 	c:\Users\toriq\.antigravity-ide\extensions\redhat.java-1.54.0-win32-x64\jre\21.0.10-win32-x86_64\bin\java.dll
0x00007ff9c3e40000 - 0x00007ff9c45ae000 	C:\WINDOWS\System32\SHELL32.dll
0x00007ff9c1f20000 - 0x00007ff9c278c000 	C:\WINDOWS\System32\windows.storage.dll
0x00007ff9c47c0000 - 0x00007ff9c48b6000 	C:\WINDOWS\System32\SHCORE.dll
0x00007ff9c4f00000 - 0x00007ff9c4f66000 	C:\WINDOWS\System32\shlwapi.dll
0x00007ff9c1b90000 - 0x00007ff9c1bb9000 	C:\WINDOWS\SYSTEM32\profapi.dll
0x00007ff9b0c90000 - 0x00007ff9b0ca8000 	c:\Users\toriq\.antigravity-ide\extensions\redhat.java-1.54.0-win32-x64\jre\21.0.10-win32-x86_64\bin\zip.dll
0x00007ff9b0bf0000 - 0x00007ff9b0c00000 	C:\Users\toriq\.antigravity-ide\extensions\redhat.java-1.54.0-win32-x64\jre\21.0.10-win32-x86_64\bin\net.dll
0x00007ff9b32e0000 - 0x00007ff9b3409000 	C:\WINDOWS\SYSTEM32\WINHTTP.dll
0x00007ff9c1090000 - 0x00007ff9c10fc000 	C:\WINDOWS\system32\mswsock.dll
0x00007ff99cd00000 - 0x00007ff99cd16000 	C:\Users\toriq\.antigravity-ide\extensions\redhat.java-1.54.0-win32-x64\jre\21.0.10-win32-x86_64\bin\nio.dll
0x00007ff9b57c0000 - 0x00007ff9b57d0000 	c:\Users\toriq\.antigravity-ide\extensions\redhat.java-1.54.0-win32-x64\jre\21.0.10-win32-x86_64\bin\verify.dll

JVMTI agents:
c:\Users\toriq\.antigravity-ide\extensions\redhat.java-1.54.0-win32-x64\lombok\lombok-1.18.39-4050.jar path:c:\Users\toriq\.antigravity-ide\extensions\redhat.java-1.54.0-win32-x64\jre\21.0.10-win32-x86_64\bin\instrument.dll, loaded, initialized, instrumentlib options:none

dbghelp: loaded successfully - version: 4.0.5 - missing functions: none
symbol engine: initialized successfully - sym options: 0x614 - pdb path: .;c:\Users\toriq\.antigravity-ide\extensions\redhat.java-1.54.0-win32-x64\jre\21.0.10-win32-x86_64\bin;C:\WINDOWS\SYSTEM32;C:\WINDOWS\WinSxS\amd64_microsoft.windows.common-controls_6595b64144ccf1df_6.0.26100.8457_none_3e0b2faee331e92d;c:\Users\toriq\.antigravity-ide\extensions\redhat.java-1.54.0-win32-x64\jre\21.0.10-win32-x86_64\bin\server

VM Arguments:
jvm_args: --add-modules=ALL-SYSTEM --add-opens=java.base/java.util=ALL-UNNAMED --add-opens=java.base/java.lang=ALL-UNNAMED --add-opens=java.base/sun.nio.fs=ALL-UNNAMED -Declipse.application=org.eclipse.jdt.ls.core.id1 -Dosgi.bundles.defaultStartLevel=4 -Declipse.product=org.eclipse.jdt.ls.core.product -Djava.import.generatesMetadataFilesAtProjectRoot=false -DDetectVMInstallationsJob.disabled=true -Dfile.encoding=utf8 -XX:+UseParallelGC -XX:GCTimeRatio=4 -XX:AdaptiveSizePolicyWeight=90 -Dsun.zip.disableMemoryMapping=true -Xmx2G -Xms100m -Xlog:disable -javaagent:c:\Users\toriq\.antigravity-ide\extensions\redhat.java-1.54.0-win32-x64\lombok\lombok-1.18.39-4050.jar -XX:+HeapDumpOnOutOfMemoryError -XX:HeapDumpPath=c:\Users\toriq\AppData\Roaming\Antigravity IDE\User\workspaceStorage\19e704fb3f845506dd5ce681803354ef\redhat.java -Daether.dependencyCollector.impl=bf 
java_command: c:\Users\toriq\.antigravity-ide\extensions\redhat.java-1.54.0-win32-x64\server\plugins\org.eclipse.equinox.launcher_1.7.100.v20251111-0406.jar -configuration c:\Users\toriq\AppData\Roaming\Antigravity IDE\User\globalStorage\redhat.java\1.54.0\config_win -data c:\Users\toriq\AppData\Roaming\Antigravity IDE\User\workspaceStorage\19e704fb3f845506dd5ce681803354ef\redhat.java\jdt_ws --pipe=\\.\pipe\lsp-e61f65da7a70391b0c470df8044ea8b7-sock
java_class_path (initial): c:\Users\toriq\.antigravity-ide\extensions\redhat.java-1.54.0-win32-x64\server\plugins\org.eclipse.equinox.launcher_1.7.100.v20251111-0406.jar
Launcher Type: SUN_STANDARD

[Global flags]
    uintx AdaptiveSizePolicyWeight                 = 90                                        {product} {command line}
     intx CICompilerCount                          = 12                                        {product} {ergonomic}
    uintx GCTimeRatio                              = 4                                         {product} {command line}
     bool HeapDumpOnOutOfMemoryError               = true                                   {manageable} {command line}
    ccstr HeapDumpPath                             = c:\Users\toriq\AppData\Roaming\Antigravity IDE\User\workspaceStorage\19e704fb3f845506dd5ce681803354ef\redhat.java         {manageable} {command line}
   size_t InitialHeapSize                          = 104857600                                 {product} {command line}
   size_t MaxHeapSize                              = 2147483648                                {product} {command line}
   size_t MaxNewSize                               = 715653120                                 {product} {ergonomic}
   size_t MinHeapDeltaBytes                        = 524288                                    {product} {ergonomic}
   size_t MinHeapSize                              = 104857600                                 {product} {command line}
   size_t NewSize                                  = 34603008                                  {product} {ergonomic}
    uintx NonNMethodCodeHeapSize                   = 7602480                                {pd product} {ergonomic}
    uintx NonProfiledCodeHeapSize                  = 122027880                              {pd product} {ergonomic}
   size_t OldSize                                  = 70254592                                  {product} {ergonomic}
    uintx ProfiledCodeHeapSize                     = 122027880                              {pd product} {ergonomic}
    uintx ReservedCodeCacheSize                    = 251658240                              {pd product} {ergonomic}
     bool SegmentedCodeCache                       = true                                      {product} {ergonomic}
   size_t SoftMaxHeapSize                          = 2147483648                             {manageable} {ergonomic}
     bool UseCompressedOops                        = true                           {product lp64_product} {ergonomic}
     bool UseLargePagesIndividualAllocation        = false                                  {pd product} {ergonomic}
     bool UseParallelGC                            = true                                      {product} {command line}

Logging:
Log output configuration:
 #0: stdout all=off uptime,level,tags foldmultilines=false
 #1: stderr all=off uptime,level,tags foldmultilines=false

Release file:
JAVA_VERSION="21.0.10" 
MODULES="java.base java.compiler java.datatransfer java.xml java.prefs java.desktop java.instrument java.logging java.management java.security.sasl java.naming java.rmi java.management.rmi java.net.http java.scripting java.security.jgss java.transaction.xa java.sql java.sql.rowset java.xml.crypto java.se java.smartcardio jdk.accessibility jdk.internal.jvmstat jdk.attach jdk.charsets jdk.internal.opt jdk.zipfs jdk.compiler jdk.crypto.ec jdk.crypto.cryptoki jdk.crypto.mscapi jdk.dynalink jdk.internal.ed jdk.editpad jdk.hotspot.agent jdk.httpserver jdk.internal.le jdk.internal.vm.ci jdk.internal.vm.compiler jdk.internal.vm.compiler.management jdk.jartool jdk.javadoc jdk.jcmd jdk.management jdk.management.agent jdk.jconsole jdk.jdeps jdk.jdwp.agent jdk.jdi jdk.jfr jdk.jshell jdk.jsobject jdk.jstatd jdk.localedata jdk.management.jfr jdk.naming.dns jdk.naming.rmi jdk.net jdk.nio.mapmode jdk.random jdk.sctp jdk.security.auth jdk.security.jgss jdk.unsupported jdk.unsupported.desktop jdk.xml.dom" 

Environment Variables:
JAVA_HOME=C:\Program Files\Java\jdk-17
PATH=C:\Program Files\Java\jdk-17\bin;C:\Windows\system32;C:\Windows;C:\Windows\System32\Wbem;C:\Windows\System32\WindowsPowerShell\v1.0\;C:\Windows\System32\OpenSSH\;C:\Program Files\dotnet\;C:\Program Files (x86)\NVIDIA Corporation\PhysX\Common;C:\Program Files\Git\cmd;C:\Program Files\nodejs\;C:\ProgramData\chocolatey\bin;C:\MinGW\bin;C:\WINDOWS\system32;C:\WINDOWS;C:\WINDOWS\System32\Wbem;C:\WINDOWS\System32\WindowsPowerShell\v1.0\;C:\WINDOWS\System32\OpenSSH\;C:\Program Files\Java\jdk-17\bin;C:\Program Files\PuTTY\;C:\Program Files\NVIDIA Corporation\NVIDIA App\NvDLISR;C:\Users\toriq\AppData\Local\Programs\Python\Python312\Scripts\;C:\Users\toriq\AppData\Local\Programs\Python\Python312\;C:\Users\toriq\AppData\Local\Programs\Python\Launcher\;C:\Users\toriq\AppData\Local\Microsoft\WindowsApps;C:\Users\toriq\AppData\Local\Programs\Microsoft VS Code\bin;C:\Users\toriq\AppData\Roaming\npm;C:\Users\toriq\AppData\Local\GitHubDesktop\bin;C:\Users\toriq\AppData\Local\cursor\resources\app\bin;C:\Program Files\JetBrains\IntelliJ IDEA Community Edition 2025.2.1\bin;C:\intelFPGA\20.1\modelsim_ase\win32aloem;C:\intelFPGA_lite\21.1\questa_fse\win64;C:\intelFPGA_lite\21.1\questa_fe\win64;C:\Program Files\JetBrains\IntelliJ IDEA 2025.2.2\bin;C:\Program Files\Redis;C:\Users\toriq\AppData\Local\Programs\Antigravity\bin
USERNAME=toriq
OS=Windows_NT
PROCESSOR_IDENTIFIER=Intel64 Family 6 Model 170 Stepping 4, GenuineIntel
TMP=C:\Users\toriq\AppData\Local\Temp
TEMP=C:\Users\toriq\AppData\Local\Temp




Periodic native trim disabled

---------------  S Y S T E M  ---------------

OS:
 Windows 11 , 64 bit Build 26100 (10.0.26100.8328)
OS uptime: 1 days 15:38 hours
Hyper-V role detected

CPU: total 22 (initial active 22) (11 cores per cpu, 2 threads per core) family 6 model 170 stepping 4 microcode 0x1c, cx8, cmov, fxsr, ht, mmx, 3dnowpref, sse, sse2, sse3, ssse3, sse4.1, sse4.2, popcnt, lzcnt, tsc, tscinvbit, avx, avx2, aes, erms, clmul, bmi1, bmi2, adx, sha, fma, vzeroupper, clflush, clflushopt, clwb, hv, serialize, rdtscp, rdpid, fsrm, f16c, cet_ibt, cet_ss
Processor Information for processor 0
  Max Mhz: 1400, Current Mhz: 1400, Mhz Limit: 1400
Processor Information for processor 1
  Max Mhz: 1400, Current Mhz: 1400, Mhz Limit: 1400
Processor Information for processor 2
  Max Mhz: 3800, Current Mhz: 900, Mhz Limit: 874
Processor Information for processor 3
  Max Mhz: 3800, Current Mhz: 900, Mhz Limit: 874
Processor Information for processor 4
  Max Mhz: 3800, Current Mhz: 900, Mhz Limit: 874
Processor Information for processor 5
  Max Mhz: 3800, Current Mhz: 900, Mhz Limit: 874
Processor Information for processor 6
  Max Mhz: 3800, Current Mhz: 900, Mhz Limit: 874
Processor Information for processor 7
  Max Mhz: 3800, Current Mhz: 900, Mhz Limit: 874
Processor Information for processor 8
  Max Mhz: 3800, Current Mhz: 900, Mhz Limit: 874
Processor Information for processor 9
  Max Mhz: 3800, Current Mhz: 900, Mhz Limit: 874
Processor Information for processor 10
  Max Mhz: 1400, Current Mhz: 1400, Mhz Limit: 1400
Processor Information for processor 11
  Max Mhz: 1400, Current Mhz: 1400, Mhz Limit: 1400
Processor Information for processor 12
  Max Mhz: 1400, Current Mhz: 1400, Mhz Limit: 1400
Processor Information for processor 13
  Max Mhz: 1400, Current Mhz: 1400, Mhz Limit: 1400
Processor Information for processor 14
  Max Mhz: 1400, Current Mhz: 1400, Mhz Limit: 1400
Processor Information for processor 15
  Max Mhz: 1400, Current Mhz: 1400, Mhz Limit: 1400
Processor Information for processor 16
  Max Mhz: 1400, Current Mhz: 1400, Mhz Limit: 1400
Processor Information for processor 17
  Max Mhz: 1400, Current Mhz: 1400, Mhz Limit: 1400
Processor Information for processor 18
  Max Mhz: 1400, Current Mhz: 1400, Mhz Limit: 1400
Processor Information for processor 19
  Max Mhz: 1400, Current Mhz: 1400, Mhz Limit: 1400
Processor Information for processor 20
  Max Mhz: 2500, Current Mhz: 700, Mhz Limit: 700
Processor Information for processor 21
  Max Mhz: 2500, Current Mhz: 700, Mhz Limit: 700

Memory: 4k page, system-wide physical 16076M (105M free)
TotalPageFile size 65228M (AvailPageFile size 84M)
current process WorkingSet (physical memory assigned to process): 65M, peak: 65M
current process commit charge ("private bytes"): 255M, peak: 255M

vm_info: OpenJDK 64-Bit Server VM (21.0.10+7-LTS) for windows-amd64 JRE (21.0.10+7-LTS), built on 2026-01-20T00:00:00Z by "admin" with MS VC++ 17.12 (VS2022)

END.
